{"C:\\Workspace\\smartbot-v2\\genai-platform-api\\src\\app.controller.ts": {"path":"C:\\Workspace\\smartbot-v2\\genai-platform-api\\src\\app.controller.ts","statementMap":{"0":{"start":{"line":1,"column":0},"end":{"line":1,"column":49}},"1":{"start":{"line":2,"column":0},"end":{"line":2,"column":56}},"2":{"start":{"line":3,"column":0},"end":{"line":3,"column":62}},"3":{"start":{"line":7,"column":7},"end":{"line":18,"column":null}},"4":{"start":{"line":12,"column":4},"end":{"line":16,"column":6}},"5":{"start":{"line":7,"column":13},"end":{"line":7,"column":26}},"6":{"start":{"line":11,"column":2},"end":{"line":17,"column":null}},"7":{"start":{"line":7,"column":13},"end":{"line":18,"column":null}}},"fnMap":{"0":{"name":"(anonymous_2)","decl":{"start":{"line":11,"column":2},"end":{"line":11,"column":8}},"loc":{"start":{"line":11,"column":8},"end":{"line":17,"column":3}}}},"branchMap":{},"s":{"0":1,"1":1,"2":1,"3":1,"4":1,"5":1,"6":1,"7":1},"f":{"0":1},"b":{}}
,"C:\\Workspace\\smartbot-v2\\genai-platform-api\\src\\app.module.ts": {"path":"C:\\Workspace\\smartbot-v2\\genai-platform-api\\src\\app.module.ts","statementMap":{"0":{"start":{"line":1,"column":0},"end":{"line":1,"column":40}},"1":{"start":{"line":2,"column":0},"end":{"line":2,"column":46}},"2":{"start":{"line":3,"column":0},"end":{"line":3,"column":70}},"3":{"start":{"line":4,"column":0},"end":{"line":4,"column":44}},"4":{"start":{"line":7,"column":0},"end":{"line":7,"column":null}},"5":{"start":{"line":17,"column":0},"end":{"line":17,"column":61}},"6":{"start":{"line":18,"column":0},"end":{"line":18,"column":65}},"7":{"start":{"line":21,"column":0},"end":{"line":21,"column":62}},"8":{"start":{"line":24,"column":0},"end":{"line":24,"column":83}},"9":{"start":{"line":25,"column":0},"end":{"line":25,"column":77}},"10":{"start":{"line":28,"column":0},"end":{"line":28,"column":56}},"11":{"start":{"line":29,"column":0},"end":{"line":29,"column":59}},"12":{"start":{"line":30,"column":0},"end":{"line":30,"column":65}},"13":{"start":{"line":31,"column":0},"end":{"line":31,"column":56}},"14":{"start":{"line":32,"column":0},"end":{"line":32,"column":88}},"15":{"start":{"line":33,"column":0},"end":{"line":33,"column":83}},"16":{"start":{"line":34,"column":0},"end":{"line":34,"column":71}},"17":{"start":{"line":35,"column":0},"end":{"line":35,"column":65}},"18":{"start":{"line":36,"column":0},"end":{"line":36,"column":68}},"19":{"start":{"line":37,"column":0},"end":{"line":37,"column":73}},"20":{"start":{"line":38,"column":0},"end":{"line":38,"column":49}},"21":{"start":{"line":82,"column":7},"end":{"line":82,"column":null}},"22":{"start":{"line":82,"column":13},"end":{"line":82,"column":22}},"23":{"start":{"line":82,"column":13},"end":{"line":82,"column":null}}},"fnMap":{},"branchMap":{"0":{"loc":{"start":{"line":51,"column":14},"end":{"line":51,"column":51}},"type":"binary-expr","locations":[{"start":{"line":51,"column":14},"end":{"line":51,"column":36}},{"start":{"line":51,"column":40},"end":{"line":51,"column":51}}]},"1":{"loc":{"start":{"line":52,"column":23},"end":{"line":52,"column":55}},"type":"binary-expr","locations":[{"start":{"line":52,"column":23},"end":{"line":52,"column":45}},{"start":{"line":52,"column":49},"end":{"line":52,"column":55}}]}},"s":{"0":0,"1":0,"2":0,"3":0,"4":0,"5":0,"6":0,"7":0,"8":0,"9":0,"10":0,"11":0,"12":0,"13":0,"14":0,"15":0,"16":0,"17":0,"18":0,"19":0,"20":0,"21":0,"22":0,"23":0},"f":{},"b":{"0":[0,0],"1":[0,0]}}
,"C:\\Workspace\\smartbot-v2\\genai-platform-api\\src\\main.ts": {"path":"C:\\Workspace\\smartbot-v2\\genai-platform-api\\src\\main.ts","statementMap":{"0":{"start":{"line":1,"column":0},"end":{"line":1,"column":43}},"1":{"start":{"line":2,"column":0},"end":{"line":2,"column":56}},"2":{"start":{"line":3,"column":0},"end":{"line":3,"column":65}},"3":{"start":{"line":4,"column":0},"end":{"line":4,"column":41}},"4":{"start":{"line":7,"column":14},"end":{"line":7,"column":49}},"5":{"start":{"line":8,"column":17},"end":{"line":8,"column":40}},"6":{"start":{"line":11,"column":2},"end":{"line":14,"column":5}},"7":{"start":{"line":17,"column":2},"end":{"line":24,"column":4}},"8":{"start":{"line":27,"column":24},"end":{"line":33,"column":12}},"9":{"start":{"line":34,"column":19},"end":{"line":34,"column":67}},"10":{"start":{"line":35,"column":2},"end":{"line":35,"column":45}},"11":{"start":{"line":37,"column":15},"end":{"line":37,"column":39}},"12":{"start":{"line":38,"column":2},"end":{"line":38,"column":25}},"13":{"start":{"line":39,"column":2},"end":{"line":39,"column":64}},"14":{"start":{"line":40,"column":2},"end":{"line":40,"column":62}},"15":{"start":{"line":42,"column":0},"end":{"line":42,"column":12}}},"fnMap":{"0":{"name":"bootstrap","decl":{"start":{"line":6,"column":15},"end":{"line":6,"column":24}},"loc":{"start":{"line":6,"column":24},"end":{"line":41,"column":1}}}},"branchMap":{"0":{"loc":{"start":{"line":12,"column":12},"end":{"line":12,"column":102}},"type":"binary-expr","locations":[{"start":{"line":12,"column":12},"end":{"line":12,"column":48}},{"start":{"line":12,"column":52},"end":{"line":12,"column":102}}]},"1":{"loc":{"start":{"line":37,"column":15},"end":{"line":37,"column":39}},"type":"binary-expr","locations":[{"start":{"line":37,"column":15},"end":{"line":37,"column":31}},{"start":{"line":37,"column":35},"end":{"line":37,"column":39}}]}},"s":{"0":0,"1":0,"2":0,"3":0,"4":0,"5":0,"6":0,"7":0,"8":0,"9":0,"10":0,"11":0,"12":0,"13":0,"14":0,"15":0},"f":{"0":0},"b":{"0":[0,0],"1":[0,0]}}
,"C:\\Workspace\\smartbot-v2\\genai-platform-api\\src\\common\\decorators\\current-tenant.decorator.ts": {"path":"C:\\Workspace\\smartbot-v2\\genai-platform-api\\src\\common\\decorators\\current-tenant.decorator.ts","statementMap":{"0":{"start":{"line":1,"column":0},"end":{"line":1,"column":72}},"1":{"start":{"line":3,"column":13},"end":{"line":8,"column":2}},"2":{"start":{"line":5,"column":20},"end":{"line":5,"column":51}},"3":{"start":{"line":6,"column":4},"end":{"line":6,"column":34}}},"fnMap":{"0":{"name":"(anonymous_0)","decl":{"start":{"line":4,"column":2},"end":{"line":4,"column":3}},"loc":{"start":{"line":4,"column":52},"end":{"line":7,"column":3}}}},"branchMap":{},"s":{"0":0,"1":0,"2":0,"3":0},"f":{"0":0},"b":{}}
,"C:\\Workspace\\smartbot-v2\\genai-platform-api\\src\\common\\decorators\\current-user.decorator.ts": {"path":"C:\\Workspace\\smartbot-v2\\genai-platform-api\\src\\common\\decorators\\current-user.decorator.ts","statementMap":{"0":{"start":{"line":1,"column":0},"end":{"line":1,"column":72}},"1":{"start":{"line":11,"column":13},"end":{"line":17,"column":2}},"2":{"start":{"line":13,"column":20},"end":{"line":13,"column":51}},"3":{"start":{"line":14,"column":17},"end":{"line":14,"column":43}},"4":{"start":{"line":15,"column":4},"end":{"line":15,"column":38}}},"fnMap":{"0":{"name":"(anonymous_0)","decl":{"start":{"line":12,"column":2},"end":{"line":12,"column":3}},"loc":{"start":{"line":12,"column":64},"end":{"line":16,"column":3}}}},"branchMap":{"0":{"loc":{"start":{"line":15,"column":11},"end":{"line":15,"column":37}},"type":"cond-expr","locations":[{"start":{"line":15,"column":18},"end":{"line":15,"column":30}},{"start":{"line":15,"column":33},"end":{"line":15,"column":37}}]}},"s":{"0":0,"1":0,"2":0,"3":0,"4":0},"f":{"0":0},"b":{"0":[0,0]}}
,"C:\\Workspace\\smartbot-v2\\genai-platform-api\\src\\common\\decorators\\public.decorator.ts": {"path":"C:\\Workspace\\smartbot-v2\\genai-platform-api\\src\\common\\decorators\\public.decorator.ts","statementMap":{"0":{"start":{"line":1,"column":0},"end":{"line":1,"column":45}},"1":{"start":{"line":3,"column":13},"end":{"line":3,"column":40}},"2":{"start":{"line":4,"column":22},"end":{"line":4,"column":60}},"3":{"start":{"line":4,"column":28},"end":{"line":4,"column":60}},"4":{"start":{"line":4,"column":13},"end":{"line":4,"column":22}}},"fnMap":{"0":{"name":"(anonymous_0)","decl":{"start":{"line":4,"column":22},"end":{"line":4,"column":25}},"loc":{"start":{"line":4,"column":28},"end":{"line":4,"column":60}}}},"branchMap":{},"s":{"0":1,"1":1,"2":1,"3":1,"4":1},"f":{"0":1},"b":{}}
,"C:\\Workspace\\smartbot-v2\\genai-platform-api\\src\\common\\decorators\\quota-type.decorator.ts": {"path":"C:\\Workspace\\smartbot-v2\\genai-platform-api\\src\\common\\decorators\\quota-type.decorator.ts","statementMap":{"0":{"start":{"line":1,"column":0},"end":{"line":1,"column":45}},"1":{"start":{"line":3,"column":13},"end":{"line":3,"column":42}},"2":{"start":{"line":4,"column":25},"end":{"line":4,"column":76}},"3":{"start":{"line":4,"column":43},"end":{"line":4,"column":76}},"4":{"start":{"line":4,"column":13},"end":{"line":4,"column":25}}},"fnMap":{"0":{"name":"(anonymous_0)","decl":{"start":{"line":4,"column":25},"end":{"line":4,"column":26}},"loc":{"start":{"line":4,"column":43},"end":{"line":4,"column":76}}}},"branchMap":{},"s":{"0":0,"1":0,"2":0,"3":0,"4":0},"f":{"0":0},"b":{}}
,"C:\\Workspace\\smartbot-v2\\genai-platform-api\\src\\common\\dto\\pagination.dto.ts": {"path":"C:\\Workspace\\smartbot-v2\\genai-platform-api\\src\\common\\dto\\pagination.dto.ts","statementMap":{"0":{"start":{"line":1,"column":0},"end":{"line":1,"column":54}},"1":{"start":{"line":2,"column":0},"end":{"line":2,"column":41}},"2":{"start":{"line":3,"column":0},"end":{"line":3,"column":72}},"3":{"start":{"line":11,"column":17},"end":{"line":11,"column":18}},"4":{"start":{"line":19,"column":18},"end":{"line":19,"column":20}},"5":{"start":{"line":24,"column":17},"end":{"line":24,"column":28}},"6":{"start":{"line":29,"column":26},"end":{"line":29,"column":32}},"7":{"start":{"line":32,"column":4},"end":{"line":32,"column":40}},"8":{"start":{"line":5,"column":0},"end":{"line":5,"column":13}},"9":{"start":{"line":11,"column":2},"end":{"line":11,"column":null}},"10":{"start":{"line":8,"column":14},"end":{"line":8,"column":20}},"11":{"start":{"line":19,"column":2},"end":{"line":19,"column":null}},"12":{"start":{"line":15,"column":14},"end":{"line":15,"column":20}},"13":{"start":{"line":24,"column":2},"end":{"line":24,"column":null}},"14":{"start":{"line":29,"column":2},"end":{"line":29,"column":null}},"15":{"start":{"line":46,"column":4},"end":{"line":46,"column":21}},"16":{"start":{"line":47,"column":4},"end":{"line":52,"column":6}},"17":{"start":{"line":36,"column":0},"end":{"line":36,"column":13}}},"fnMap":{"0":{"name":"(anonymous_2)","decl":{"start":{"line":31,"column":2},"end":{"line":31,"column":6}},"loc":{"start":{"line":31,"column":10},"end":{"line":33,"column":3}}},"1":{"name":"(anonymous_3)","decl":{"start":{"line":8,"column":8},"end":{"line":8,"column":11}},"loc":{"start":{"line":8,"column":14},"end":{"line":8,"column":20}}},"2":{"name":"(anonymous_4)","decl":{"start":{"line":15,"column":8},"end":{"line":15,"column":11}},"loc":{"start":{"line":15,"column":14},"end":{"line":15,"column":20}}},"3":{"name":"(anonymous_5)","decl":{"start":{"line":45,"column":2},"end":{"line":45,"column":14}},"loc":{"start":{"line":45,"column":67},"end":{"line":53,"column":3}}}},"branchMap":{},"s":{"0":0,"1":0,"2":0,"3":0,"4":0,"5":0,"6":0,"7":0,"8":0,"9":0,"10":0,"11":0,"12":0,"13":0,"14":0,"15":0,"16":0,"17":0},"f":{"0":0,"1":0,"2":0,"3":0},"b":{}}
,"C:\\Workspace\\smartbot-v2\\genai-platform-api\\src\\common\\filters\\http-exception.filter.ts": {"path":"C:\\Workspace\\smartbot-v2\\genai-platform-api\\src\\common\\filters\\http-exception.filter.ts","statementMap":{"0":{"start":{"line":1,"column":0},"end":{"line":1,"column":null}},"1":{"start":{"line":12,"column":32},"end":{"line":51,"column":null}},"2":{"start":{"line":13,"column":28},"end":{"line":13,"column":64}},"3":{"start":{"line":16,"column":16},"end":{"line":16,"column":35}},"4":{"start":{"line":17,"column":21},"end":{"line":17,"column":48}},"5":{"start":{"line":19,"column":17},"end":{"line":19,"column":49}},"6":{"start":{"line":20,"column":18},"end":{"line":20,"column":41}},"7":{"start":{"line":21,"column":26},"end":{"line":21,"column":35}},"8":{"start":{"line":23,"column":4},"end":{"line":42,"column":5}},"9":{"start":{"line":24,"column":6},"end":{"line":24,"column":37}},"10":{"start":{"line":25,"column":32},"end":{"line":25,"column":55}},"11":{"start":{"line":27,"column":6},"end":{"line":38,"column":7}},"12":{"start":{"line":28,"column":8},"end":{"line":28,"column":36}},"13":{"start":{"line":29,"column":13},"end":{"line":38,"column":7}},"14":{"start":{"line":30,"column":21},"end":{"line":30,"column":65}},"15":{"start":{"line":31,"column":8},"end":{"line":31,"column":54}},"16":{"start":{"line":32,"column":8},"end":{"line":32,"column":29}},"17":{"start":{"line":34,"column":8},"end":{"line":37,"column":9}},"18":{"start":{"line":35,"column":10},"end":{"line":35,"column":40}},"19":{"start":{"line":36,"column":10},"end":{"line":36,"column":32}},"20":{"start":{"line":39,"column":11},"end":{"line":42,"column":5}},"21":{"start":{"line":40,"column":6},"end":{"line":40,"column":34}},"22":{"start":{"line":41,"column":6},"end":{"line":41,"column":60}},"23":{"start":{"line":44,"column":4},"end":{"line":49,"column":7}},"24":{"start":{"line":12,"column":13},"end":{"line":12,"column":32}},"25":{"start":{"line":12,"column":13},"end":{"line":51,"column":null}}},"fnMap":{"0":{"name":"(anonymous_1)","decl":{"start":{"line":15,"column":2},"end":{"line":15,"column":7}},"loc":{"start":{"line":15,"column":47},"end":{"line":50,"column":3}}}},"branchMap":{"0":{"loc":{"start":{"line":23,"column":4},"end":{"line":42,"column":5}},"type":"if","locations":[{"start":{"line":23,"column":4},"end":{"line":42,"column":5}},{"start":{"line":39,"column":11},"end":{"line":42,"column":5}}]},"1":{"loc":{"start":{"line":27,"column":6},"end":{"line":38,"column":7}},"type":"if","locations":[{"start":{"line":27,"column":6},"end":{"line":38,"column":7}},{"start":{"line":29,"column":13},"end":{"line":38,"column":7}}]},"2":{"loc":{"start":{"line":29,"column":13},"end":{"line":38,"column":7}},"type":"if","locations":[{"start":{"line":29,"column":13},"end":{"line":38,"column":7}},{"start":{},"end":{}}]},"3":{"loc":{"start":{"line":31,"column":19},"end":{"line":31,"column":53}},"type":"binary-expr","locations":[{"start":{"line":31,"column":19},"end":{"line":31,"column":42}},{"start":{"line":31,"column":46},"end":{"line":31,"column":53}}]},"4":{"loc":{"start":{"line":34,"column":8},"end":{"line":37,"column":9}},"type":"if","locations":[{"start":{"line":34,"column":8},"end":{"line":37,"column":9}},{"start":{},"end":{}}]},"5":{"loc":{"start":{"line":39,"column":11},"end":{"line":42,"column":5}},"type":"if","locations":[{"start":{"line":39,"column":11},"end":{"line":42,"column":5}},{"start":{},"end":{}}]}},"s":{"0":0,"1":0,"2":0,"3":0,"4":0,"5":0,"6":0,"7":0,"8":0,"9":0,"10":0,"11":0,"12":0,"13":0,"14":0,"15":0,"16":0,"17":0,"18":0,"19":0,"20":0,"21":0,"22":0,"23":0,"24":0,"25":0},"f":{"0":0},"b":{"0":[0,0],"1":[0,0],"2":[0,0],"3":[0,0],"4":[0,0],"5":[0,0]}}
,"C:\\Workspace\\smartbot-v2\\genai-platform-api\\src\\common\\guards\\internal-api-key.guard.ts": {"path":"C:\\Workspace\\smartbot-v2\\genai-platform-api\\src\\common\\guards\\internal-api-key.guard.ts","statementMap":{"0":{"start":{"line":1,"column":0},"end":{"line":1,"column":null}},"1":{"start":{"line":7,"column":0},"end":{"line":7,"column":47}},"2":{"start":{"line":10,"column":7},"end":{"line":24,"column":null}},"3":{"start":{"line":11,"column":31},"end":{"line":11,"column":46}},"4":{"start":{"line":14,"column":20},"end":{"line":14,"column":55}},"5":{"start":{"line":15,"column":19},"end":{"line":15,"column":52}},"6":{"start":{"line":16,"column":24},"end":{"line":16,"column":81}},"7":{"start":{"line":18,"column":4},"end":{"line":20,"column":5}},"8":{"start":{"line":19,"column":6},"end":{"line":19,"column":66}},"9":{"start":{"line":22,"column":4},"end":{"line":22,"column":16}},"10":{"start":{"line":10,"column":13},"end":{"line":10,"column":32}},"11":{"start":{"line":10,"column":13},"end":{"line":24,"column":null}}},"fnMap":{"0":{"name":"(anonymous_2)","decl":{"start":{"line":11,"column":2},"end":{"line":11,"column":31}},"loc":{"start":{"line":11,"column":59},"end":{"line":11,"column":63}}},"1":{"name":"(anonymous_3)","decl":{"start":{"line":13,"column":2},"end":{"line":13,"column":13}},"loc":{"start":{"line":13,"column":39},"end":{"line":23,"column":3}}}},"branchMap":{"0":{"loc":{"start":{"line":18,"column":4},"end":{"line":20,"column":5}},"type":"if","locations":[{"start":{"line":18,"column":4},"end":{"line":20,"column":5}},{"start":{},"end":{}}]},"1":{"loc":{"start":{"line":18,"column":8},"end":{"line":18,"column":41}},"type":"binary-expr","locations":[{"start":{"line":18,"column":8},"end":{"line":18,"column":15}},{"start":{"line":18,"column":19},"end":{"line":18,"column":41}}]},"2":{"loc":{"start":{"line":11,"column":46},"end":{"line":11,"column":62}},"type":"cond-expr","locations":[{"start":{"line":11,"column":59},"end":{"line":11,"column":62}},{"start":{"line":11,"column":59},"end":{"line":11,"column":62}}]},"3":{"loc":{"start":{"line":11,"column":46},"end":{"line":11,"column":59}},"type":"binary-expr","locations":[{"start":{"line":11,"column":46},"end":{"line":11,"column":62}},{"start":{"line":11,"column":46},"end":{"line":11,"column":59}}]}},"s":{"0":0,"1":0,"2":0,"3":0,"4":0,"5":0,"6":0,"7":0,"8":0,"9":0,"10":0,"11":0},"f":{"0":0,"1":0},"b":{"0":[0,0],"1":[0,0],"2":[0,0],"3":[0,0]}}
,"C:\\Workspace\\smartbot-v2\\genai-platform-api\\src\\common\\guards\\jwt-auth.guard.ts": {"path":"C:\\Workspace\\smartbot-v2\\genai-platform-api\\src\\common\\guards\\jwt-auth.guard.ts","statementMap":{"0":{"start":{"line":1,"column":0},"end":{"line":1,"column":62}},"1":{"start":{"line":2,"column":0},"end":{"line":2,"column":41}},"2":{"start":{"line":3,"column":0},"end":{"line":3,"column":45}},"3":{"start":{"line":4,"column":0},"end":{"line":4,"column":63}},"4":{"start":{"line":7,"column":7},"end":{"line":22,"column":null}},"5":{"start":{"line":9,"column":4},"end":{"line":9,"column":12}},"6":{"start":{"line":8,"column":22},"end":{"line":8,"column":33}},"7":{"start":{"line":13,"column":21},"end":{"line":16,"column":6}},"8":{"start":{"line":17,"column":4},"end":{"line":19,"column":5}},"9":{"start":{"line":18,"column":6},"end":{"line":18,"column":18}},"10":{"start":{"line":20,"column":4},"end":{"line":20,"column":38}},"11":{"start":{"line":7,"column":13},"end":{"line":7,"column":25}},"12":{"start":{"line":7,"column":13},"end":{"line":22,"column":null}}},"fnMap":{"0":{"name":"(anonymous_2)","decl":{"start":{"line":8,"column":2},"end":{"line":8,"column":22}},"loc":{"start":{"line":8,"column":42},"end":{"line":10,"column":3}}},"1":{"name":"(anonymous_3)","decl":{"start":{"line":12,"column":2},"end":{"line":12,"column":13}},"loc":{"start":{"line":12,"column":39},"end":{"line":21,"column":3}}}},"branchMap":{"0":{"loc":{"start":{"line":17,"column":4},"end":{"line":19,"column":5}},"type":"if","locations":[{"start":{"line":17,"column":4},"end":{"line":19,"column":5}},{"start":{},"end":{}}]},"1":{"loc":{"start":{"line":8,"column":33},"end":{"line":8,"column":null}},"type":"cond-expr","locations":[{"start":{"line":8,"column":42},"end":{"line":8,"column":null}},{"start":{"line":8,"column":42},"end":{"line":8,"column":null}}]},"2":{"loc":{"start":{"line":8,"column":33},"end":{"line":8,"column":42}},"type":"binary-expr","locations":[{"start":{"line":8,"column":33},"end":{"line":8,"column":null}},{"start":{"line":8,"column":33},"end":{"line":8,"column":42}}]}},"s":{"0":0,"1":0,"2":0,"3":0,"4":0,"5":0,"6":0,"7":0,"8":0,"9":0,"10":0,"11":0,"12":0},"f":{"0":0,"1":0},"b":{"0":[0,0],"1":[0,0],"2":[0,0]}}
,"C:\\Workspace\\smartbot-v2\\genai-platform-api\\src\\common\\guards\\quota.guard.ts": {"path":"C:\\Workspace\\smartbot-v2\\genai-platform-api\\src\\common\\guards\\quota.guard.ts","statementMap":{"0":{"start":{"line":1,"column":0},"end":{"line":1,"column":null}},"1":{"start":{"line":9,"column":0},"end":{"line":9,"column":41}},"2":{"start":{"line":10,"column":0},"end":{"line":10,"column":57}},"3":{"start":{"line":11,"column":0},"end":{"line":11,"column":68}},"4":{"start":{"line":14,"column":7},"end":{"line":81,"column":null}},"5":{"start":{"line":16,"column":21},"end":{"line":16,"column":29}},"6":{"start":{"line":17,"column":21},"end":{"line":17,"column":32}},"7":{"start":{"line":21,"column":22},"end":{"line":23,"column":null}},"8":{"start":{"line":25,"column":4},"end":{"line":25,"column":32}},"9":{"start":{"line":25,"column":20},"end":{"line":25,"column":32}},"10":{"start":{"line":27,"column":20},"end":{"line":27,"column":55}},"11":{"start":{"line":28,"column":21},"end":{"line":28,"column":43}},"12":{"start":{"line":29,"column":4},"end":{"line":29,"column":31}},"13":{"start":{"line":29,"column":19},"end":{"line":29,"column":31}},"14":{"start":{"line":31,"column":16},"end":{"line":34,"column":6}},"15":{"start":{"line":36,"column":4},"end":{"line":38,"column":5}},"16":{"start":{"line":37,"column":6},"end":{"line":37,"column":61}},"17":{"start":{"line":40,"column":4},"end":{"line":77,"column":5}},"18":{"start":{"line":42,"column":25},"end":{"line":44,"column":10}},"19":{"start":{"line":45,"column":8},"end":{"line":50,"column":9}},"20":{"start":{"line":46,"column":10},"end":{"line":49,"column":12}},"21":{"start":{"line":51,"column":8},"end":{"line":51,"column":14}},"22":{"start":{"line":54,"column":20},"end":{"line":54,"column":30}},"23":{"start":{"line":55,"column":22},"end":{"line":61,"column":10}},"24":{"start":{"line":62,"column":8},"end":{"line":70,"column":9}},"25":{"start":{"line":66,"column":10},"end":{"line":69,"column":12}},"26":{"start":{"line":71,"column":8},"end":{"line":71,"column":14}},"27":{"start":{"line":75,"column":8},"end":{"line":75,"column":14}},"28":{"start":{"line":79,"column":4},"end":{"line":79,"column":16}},"29":{"start":{"line":14,"column":13},"end":{"line":14,"column":23}},"30":{"start":{"line":14,"column":13},"end":{"line":81,"column":null}}},"fnMap":{"0":{"name":"(anonymous_2)","decl":{"start":{"line":15,"column":2},"end":{"line":15,"column":null}},"loc":{"start":{"line":17,"column":41},"end":{"line":18,"column":6}}},"1":{"name":"(anonymous_3)","decl":{"start":{"line":20,"column":2},"end":{"line":20,"column":7}},"loc":{"start":{"line":20,"column":45},"end":{"line":80,"column":3}}}},"branchMap":{"0":{"loc":{"start":{"line":25,"column":4},"end":{"line":25,"column":32}},"type":"if","locations":[{"start":{"line":25,"column":4},"end":{"line":25,"column":32}},{"start":{},"end":{}}]},"1":{"loc":{"start":{"line":29,"column":4},"end":{"line":29,"column":31}},"type":"if","locations":[{"start":{"line":29,"column":4},"end":{"line":29,"column":31}},{"start":{},"end":{}}]},"2":{"loc":{"start":{"line":36,"column":4},"end":{"line":38,"column":5}},"type":"if","locations":[{"start":{"line":36,"column":4},"end":{"line":38,"column":5}},{"start":{},"end":{}}]},"3":{"loc":{"start":{"line":40,"column":4},"end":{"line":77,"column":5}},"type":"switch","locations":[{"start":{"line":41,"column":6},"end":{"line":52,"column":7}},{"start":{"line":53,"column":6},"end":{"line":72,"column":7}},{"start":{"line":73,"column":6},"end":{"line":76,"column":7}}]},"4":{"loc":{"start":{"line":45,"column":8},"end":{"line":50,"column":9}},"type":"if","locations":[{"start":{"line":45,"column":8},"end":{"line":50,"column":9}},{"start":{},"end":{}}]},"5":{"loc":{"start":{"line":45,"column":12},"end":{"line":45,"column":67}},"type":"binary-expr","locations":[{"start":{"line":45,"column":12},"end":{"line":45,"column":35}},{"start":{"line":45,"column":39},"end":{"line":45,"column":67}}]},"6":{"loc":{"start":{"line":62,"column":8},"end":{"line":70,"column":9}},"type":"if","locations":[{"start":{"line":62,"column":8},"end":{"line":70,"column":9}},{"start":{},"end":{}}]},"7":{"loc":{"start":{"line":63,"column":10},"end":{"line":64,"column":74}},"type":"binary-expr","locations":[{"start":{"line":63,"column":10},"end":{"line":63,"column":15}},{"start":{"line":64,"column":10},"end":{"line":64,"column":74}}]},"8":{"loc":{"start":{"line":16,"column":29},"end":{"line":16,"column":null}},"type":"cond-expr","locations":[{"start":{"line":16,"column":42},"end":{"line":16,"column":null}},{"start":{"line":16,"column":42},"end":{"line":16,"column":null}}]},"9":{"loc":{"start":{"line":16,"column":29},"end":{"line":16,"column":42}},"type":"binary-expr","locations":[{"start":{"line":16,"column":29},"end":{"line":16,"column":null}},{"start":{"line":16,"column":29},"end":{"line":16,"column":42}}]},"10":{"loc":{"start":{"line":16,"column":42},"end":{"line":17,"column":null}},"type":"cond-expr","locations":[{"start":{"line":17,"column":41},"end":{"line":17,"column":null}},{"start":{"line":17,"column":41},"end":{"line":17,"column":null}}]},"11":{"loc":{"start":{"line":16,"column":42},"end":{"line":17,"column":41}},"type":"binary-expr","locations":[{"start":{"line":16,"column":42},"end":{"line":17,"column":null}},{"start":{"line":17,"column":32},"end":{"line":17,"column":41}}]}},"s":{"0":0,"1":0,"2":0,"3":0,"4":0,"5":0,"6":0,"7":0,"8":0,"9":0,"10":0,"11":0,"12":0,"13":0,"14":0,"15":0,"16":0,"17":0,"18":0,"19":0,"20":0,"21":0,"22":0,"23":0,"24":0,"25":0,"26":0,"27":0,"28":0,"29":0,"30":0},"f":{"0":0,"1":0},"b":{"0":[0,0],"1":[0,0],"2":[0,0],"3":[0,0,0],"4":[0,0],"5":[0,0],"6":[0,0],"7":[0,0],"8":[0,0],"9":[0,0],"10":[0,0],"11":[0,0]}}
,"C:\\Workspace\\smartbot-v2\\genai-platform-api\\src\\common\\guards\\tenant.guard.ts": {"path":"C:\\Workspace\\smartbot-v2\\genai-platform-api\\src\\common\\guards\\tenant.guard.ts","statementMap":{"0":{"start":{"line":1,"column":0},"end":{"line":1,"column":null}},"1":{"start":{"line":7,"column":0},"end":{"line":7,"column":41}},"2":{"start":{"line":8,"column":0},"end":{"line":8,"column":57}},"3":{"start":{"line":9,"column":0},"end":{"line":9,"column":63}},"4":{"start":{"line":12,"column":7},"end":{"line":48,"column":null}},"5":{"start":{"line":14,"column":21},"end":{"line":14,"column":29}},"6":{"start":{"line":15,"column":21},"end":{"line":15,"column":32}},"7":{"start":{"line":19,"column":21},"end":{"line":22,"column":6}},"8":{"start":{"line":23,"column":4},"end":{"line":23,"column":30}},"9":{"start":{"line":23,"column":18},"end":{"line":23,"column":30}},"10":{"start":{"line":25,"column":20},"end":{"line":25,"column":55}},"11":{"start":{"line":26,"column":17},"end":{"line":26,"column":29}},"12":{"start":{"line":27,"column":4},"end":{"line":29,"column":5}},"13":{"start":{"line":28,"column":6},"end":{"line":28,"column":56}},"14":{"start":{"line":31,"column":23},"end":{"line":38,"column":6}},"15":{"start":{"line":40,"column":4},"end":{"line":42,"column":5}},"16":{"start":{"line":41,"column":6},"end":{"line":41,"column":66}},"17":{"start":{"line":44,"column":4},"end":{"line":44,"column":37}},"18":{"start":{"line":45,"column":4},"end":{"line":45,"column":41}},"19":{"start":{"line":46,"column":4},"end":{"line":46,"column":16}},"20":{"start":{"line":12,"column":13},"end":{"line":12,"column":24}},"21":{"start":{"line":12,"column":13},"end":{"line":48,"column":null}}},"fnMap":{"0":{"name":"(anonymous_2)","decl":{"start":{"line":13,"column":2},"end":{"line":13,"column":null}},"loc":{"start":{"line":15,"column":41},"end":{"line":16,"column":6}}},"1":{"name":"(anonymous_3)","decl":{"start":{"line":18,"column":2},"end":{"line":18,"column":7}},"loc":{"start":{"line":18,"column":45},"end":{"line":47,"column":3}}}},"branchMap":{"0":{"loc":{"start":{"line":23,"column":4},"end":{"line":23,"column":30}},"type":"if","locations":[{"start":{"line":23,"column":4},"end":{"line":23,"column":30}},{"start":{},"end":{}}]},"1":{"loc":{"start":{"line":27,"column":4},"end":{"line":29,"column":5}},"type":"if","locations":[{"start":{"line":27,"column":4},"end":{"line":29,"column":5}},{"start":{},"end":{}}]},"2":{"loc":{"start":{"line":40,"column":4},"end":{"line":42,"column":5}},"type":"if","locations":[{"start":{"line":40,"column":4},"end":{"line":42,"column":5}},{"start":{},"end":{}}]},"3":{"loc":{"start":{"line":40,"column":8},"end":{"line":40,"column":53}},"type":"binary-expr","locations":[{"start":{"line":40,"column":8},"end":{"line":40,"column":19}},{"start":{"line":40,"column":23},"end":{"line":40,"column":53}}]},"4":{"loc":{"start":{"line":14,"column":29},"end":{"line":14,"column":null}},"type":"cond-expr","locations":[{"start":{"line":14,"column":42},"end":{"line":14,"column":null}},{"start":{"line":14,"column":42},"end":{"line":14,"column":null}}]},"5":{"loc":{"start":{"line":14,"column":29},"end":{"line":14,"column":42}},"type":"binary-expr","locations":[{"start":{"line":14,"column":29},"end":{"line":14,"column":null}},{"start":{"line":14,"column":29},"end":{"line":14,"column":42}}]},"6":{"loc":{"start":{"line":14,"column":42},"end":{"line":15,"column":null}},"type":"cond-expr","locations":[{"start":{"line":15,"column":41},"end":{"line":15,"column":null}},{"start":{"line":15,"column":41},"end":{"line":15,"column":null}}]},"7":{"loc":{"start":{"line":14,"column":42},"end":{"line":15,"column":41}},"type":"binary-expr","locations":[{"start":{"line":14,"column":42},"end":{"line":15,"column":null}},{"start":{"line":15,"column":32},"end":{"line":15,"column":41}}]}},"s":{"0":0,"1":0,"2":0,"3":0,"4":0,"5":0,"6":0,"7":0,"8":0,"9":0,"10":0,"11":0,"12":0,"13":0,"14":0,"15":0,"16":0,"17":0,"18":0,"19":0,"20":0,"21":0},"f":{"0":0,"1":0},"b":{"0":[0,0],"1":[0,0],"2":[0,0],"3":[0,0],"4":[0,0],"5":[0,0],"6":[0,0],"7":[0,0]}}
,"C:\\Workspace\\smartbot-v2\\genai-platform-api\\src\\common\\interceptors\\transform.interceptor.ts": {"path":"C:\\Workspace\\smartbot-v2\\genai-platform-api\\src\\common\\interceptors\\transform.interceptor.ts","statementMap":{"0":{"start":{"line":1,"column":0},"end":{"line":1,"column":null}},"1":{"start":{"line":7,"column":0},"end":{"line":7,"column":39}},"2":{"start":{"line":15,"column":7},"end":{"line":32,"column":null}},"3":{"start":{"line":22,"column":4},"end":{"line":30,"column":6}},"4":{"start":{"line":25,"column":8},"end":{"line":27,"column":9}},"5":{"start":{"line":26,"column":10},"end":{"line":26,"column":30}},"6":{"start":{"line":28,"column":8},"end":{"line":28,"column":38}},"7":{"start":{"line":15,"column":13},"end":{"line":15,"column":33}},"8":{"start":{"line":15,"column":13},"end":{"line":32,"column":null}}},"fnMap":{"0":{"name":"(anonymous_1)","decl":{"start":{"line":18,"column":2},"end":{"line":18,"column":11}},"loc":{"start":{"line":20,"column":21},"end":{"line":31,"column":3}}},"1":{"name":"(anonymous_2)","decl":{"start":{"line":23,"column":10},"end":{"line":23,"column":11}},"loc":{"start":{"line":23,"column":27},"end":{"line":29,"column":7}}}},"branchMap":{"0":{"loc":{"start":{"line":25,"column":8},"end":{"line":27,"column":9}},"type":"if","locations":[{"start":{"line":25,"column":8},"end":{"line":27,"column":9}},{"start":{},"end":{}}]},"1":{"loc":{"start":{"line":25,"column":12},"end":{"line":25,"column":112}},"type":"binary-expr","locations":[{"start":{"line":25,"column":12},"end":{"line":25,"column":24}},{"start":{"line":25,"column":28},"end":{"line":25,"column":60}},{"start":{"line":25,"column":64},"end":{"line":25,"column":86}},{"start":{"line":25,"column":90},"end":{"line":25,"column":112}}]}},"s":{"0":0,"1":0,"2":0,"3":0,"4":0,"5":0,"6":0,"7":0,"8":0},"f":{"0":0,"1":0},"b":{"0":[0,0],"1":[0,0,0,0]}}
,"C:\\Workspace\\smartbot-v2\\genai-platform-api\\src\\common\\prisma\\prisma.module.ts": {"path":"C:\\Workspace\\smartbot-v2\\genai-platform-api\\src\\common\\prisma\\prisma.module.ts","statementMap":{"0":{"start":{"line":1,"column":0},"end":{"line":1,"column":48}},"1":{"start":{"line":2,"column":0},"end":{"line":2,"column":49}},"2":{"start":{"line":9,"column":7},"end":{"line":9,"column":null}},"3":{"start":{"line":9,"column":13},"end":{"line":9,"column":25}},"4":{"start":{"line":9,"column":13},"end":{"line":9,"column":null}}},"fnMap":{},"branchMap":{},"s":{"0":0,"1":0,"2":0,"3":0,"4":0},"f":{},"b":{}}
,"C:\\Workspace\\smartbot-v2\\genai-platform-api\\src\\common\\prisma\\prisma.service.ts": {"path":"C:\\Workspace\\smartbot-v2\\genai-platform-api\\src\\common\\prisma\\prisma.service.ts","statementMap":{"0":{"start":{"line":1,"column":0},"end":{"line":1,"column":75}},"1":{"start":{"line":2,"column":0},"end":{"line":2,"column":46}},"2":{"start":{"line":5,"column":7},"end":{"line":16,"column":null}},"3":{"start":{"line":10,"column":4},"end":{"line":10,"column":26}},"4":{"start":{"line":14,"column":4},"end":{"line":14,"column":29}},"5":{"start":{"line":5,"column":13},"end":{"line":5,"column":26}},"6":{"start":{"line":5,"column":13},"end":{"line":16,"column":null}}},"fnMap":{"0":{"name":"(anonymous_1)","decl":{"start":{"line":9,"column":2},"end":{"line":9,"column":7}},"loc":{"start":{"line":9,"column":20},"end":{"line":11,"column":3}}},"1":{"name":"(anonymous_2)","decl":{"start":{"line":13,"column":2},"end":{"line":13,"column":7}},"loc":{"start":{"line":13,"column":23},"end":{"line":15,"column":3}}}},"branchMap":{},"s":{"0":0,"1":0,"2":0,"3":0,"4":0,"5":0,"6":0},"f":{"0":0,"1":0},"b":{}}
,"C:\\Workspace\\smartbot-v2\\genai-platform-api\\src\\common\\utils\\crypto.ts": {"path":"C:\\Workspace\\smartbot-v2\\genai-platform-api\\src\\common\\utils\\crypto.ts","statementMap":{"0":{"start":{"line":3,"column":0},"end":{"line":3,"column":16}},"1":{"start":{"line":7,"column":0},"end":{"line":7,"column":16}},"2":{"start":{"line":11,"column":0},"end":{"line":11,"column":16}},"3":{"start":{"line":15,"column":0},"end":{"line":15,"column":16}},"4":{"start":{"line":1,"column":0},"end":{"line":1,"column":33}},"5":{"start":{"line":4,"column":2},"end":{"line":4,"column":56}},"6":{"start":{"line":8,"column":2},"end":{"line":8,"column":66}},"7":{"start":{"line":12,"column":2},"end":{"line":12,"column":52}},"8":{"start":{"line":16,"column":2},"end":{"line":16,"column":32}}},"fnMap":{"0":{"name":"generateApiKey","decl":{"start":{"line":3,"column":16},"end":{"line":3,"column":30}},"loc":{"start":{"line":3,"column":30},"end":{"line":5,"column":1}}},"1":{"name":"hashApiKey","decl":{"start":{"line":7,"column":16},"end":{"line":7,"column":26}},"loc":{"start":{"line":7,"column":41},"end":{"line":9,"column":1}}},"2":{"name":"generateToken","decl":{"start":{"line":11,"column":16},"end":{"line":11,"column":29}},"loc":{"start":{"line":11,"column":41},"end":{"line":13,"column":1}}},"3":{"name":"getApiKeyPrefix","decl":{"start":{"line":15,"column":16},"end":{"line":15,"column":31}},"loc":{"start":{"line":15,"column":46},"end":{"line":17,"column":1}}}},"branchMap":{"0":{"loc":{"start":{"line":11,"column":30},"end":{"line":11,"column":41}},"type":"default-arg","locations":[{"start":{"line":11,"column":39},"end":{"line":11,"column":41}}]}},"s":{"0":0,"1":0,"2":0,"3":0,"4":0,"5":0,"6":0,"7":0,"8":0},"f":{"0":0,"1":0,"2":0,"3":0},"b":{"0":[0]}}
,"C:\\Workspace\\smartbot-v2\\genai-platform-api\\src\\common\\utils\\slug.ts": {"path":"C:\\Workspace\\smartbot-v2\\genai-platform-api\\src\\common\\utils\\slug.ts","statementMap":{"0":{"start":{"line":4,"column":0},"end":{"line":4,"column":16}},"1":{"start":{"line":1,"column":0},"end":{"line":1,"column":30}},"2":{"start":{"line":2,"column":0},"end":{"line":2,"column":33}},"3":{"start":{"line":5,"column":15},"end":{"line":9,"column":4}},"4":{"start":{"line":10,"column":17},"end":{"line":10,"column":54}},"5":{"start":{"line":11,"column":2},"end":{"line":11,"column":29}}},"fnMap":{"0":{"name":"generateSlug","decl":{"start":{"line":4,"column":16},"end":{"line":4,"column":28}},"loc":{"start":{"line":4,"column":41},"end":{"line":12,"column":1}}}},"branchMap":{},"s":{"0":0,"1":0,"2":0,"3":0,"4":0,"5":0},"f":{"0":0},"b":{}}
,"C:\\Workspace\\smartbot-v2\\genai-platform-api\\src\\config\\ai-engine.config.ts": {"path":"C:\\Workspace\\smartbot-v2\\genai-platform-api\\src\\config\\ai-engine.config.ts","statementMap":{"0":{"start":{"line":1,"column":0},"end":{"line":1,"column":44}},"1":{"start":{"line":3,"column":0},"end":{"line":6,"column":4}},"2":{"start":{"line":3,"column":45},"end":{"line":6,"column":2}}},"fnMap":{"0":{"name":"(anonymous_0)","decl":{"start":{"line":3,"column":38},"end":{"line":3,"column":41}},"loc":{"start":{"line":3,"column":45},"end":{"line":6,"column":2}}}},"branchMap":{"0":{"loc":{"start":{"line":4,"column":7},"end":{"line":4,"column":59}},"type":"binary-expr","locations":[{"start":{"line":4,"column":7},"end":{"line":4,"column":32}},{"start":{"line":4,"column":36},"end":{"line":4,"column":59}}]},"1":{"loc":{"start":{"line":5,"column":18},"end":{"line":5,"column":71}},"type":"binary-expr","locations":[{"start":{"line":5,"column":18},"end":{"line":5,"column":46}},{"start":{"line":5,"column":50},"end":{"line":5,"column":71}}]}},"s":{"0":0,"1":0,"2":0},"f":{"0":0},"b":{"0":[0,0],"1":[0,0]}}
,"C:\\Workspace\\smartbot-v2\\genai-platform-api\\src\\config\\app.config.ts": {"path":"C:\\Workspace\\smartbot-v2\\genai-platform-api\\src\\config\\app.config.ts","statementMap":{"0":{"start":{"line":1,"column":0},"end":{"line":1,"column":44}},"1":{"start":{"line":3,"column":0},"end":{"line":7,"column":4}},"2":{"start":{"line":3,"column":40},"end":{"line":7,"column":2}}},"fnMap":{"0":{"name":"(anonymous_0)","decl":{"start":{"line":3,"column":33},"end":{"line":3,"column":36}},"loc":{"start":{"line":3,"column":40},"end":{"line":7,"column":2}}}},"branchMap":{"0":{"loc":{"start":{"line":4,"column":17},"end":{"line":4,"column":43}},"type":"binary-expr","locations":[{"start":{"line":4,"column":17},"end":{"line":4,"column":33}},{"start":{"line":4,"column":37},"end":{"line":4,"column":43}}]},"1":{"loc":{"start":{"line":5,"column":11},"end":{"line":5,"column":48}},"type":"binary-expr","locations":[{"start":{"line":5,"column":11},"end":{"line":5,"column":31}},{"start":{"line":5,"column":35},"end":{"line":5,"column":48}}]},"2":{"loc":{"start":{"line":6,"column":10},"end":{"line":6,"column":56}},"type":"binary-expr","locations":[{"start":{"line":6,"column":10},"end":{"line":6,"column":29}},{"start":{"line":6,"column":33},"end":{"line":6,"column":56}}]}},"s":{"0":0,"1":0,"2":0},"f":{"0":0},"b":{"0":[0,0],"1":[0,0],"2":[0,0]}}
,"C:\\Workspace\\smartbot-v2\\genai-platform-api\\src\\config\\database.config.ts": {"path":"C:\\Workspace\\smartbot-v2\\genai-platform-api\\src\\config\\database.config.ts","statementMap":{"0":{"start":{"line":1,"column":0},"end":{"line":1,"column":44}},"1":{"start":{"line":3,"column":0},"end":{"line":5,"column":4}},"2":{"start":{"line":3,"column":45},"end":{"line":5,"column":2}}},"fnMap":{"0":{"name":"(anonymous_0)","decl":{"start":{"line":3,"column":38},"end":{"line":3,"column":41}},"loc":{"start":{"line":3,"column":45},"end":{"line":5,"column":2}}}},"branchMap":{},"s":{"0":0,"1":0,"2":0},"f":{"0":0},"b":{}}
,"C:\\Workspace\\smartbot-v2\\genai-platform-api\\src\\config\\index.ts": {"path":"C:\\Workspace\\smartbot-v2\\genai-platform-api\\src\\config\\index.ts","statementMap":{"0":{"start":{"line":1,"column":0},"end":{"line":1,"column":9}},"1":{"start":{"line":1,"column":9},"end":{"line":1,"column":29}},"2":{"start":{"line":2,"column":0},"end":{"line":2,"column":9}},"3":{"start":{"line":2,"column":9},"end":{"line":2,"column":34}},"4":{"start":{"line":3,"column":0},"end":{"line":3,"column":9}},"5":{"start":{"line":3,"column":9},"end":{"line":3,"column":31}},"6":{"start":{"line":4,"column":0},"end":{"line":4,"column":9}},"7":{"start":{"line":4,"column":9},"end":{"line":4,"column":28}},"8":{"start":{"line":5,"column":0},"end":{"line":5,"column":9}},"9":{"start":{"line":5,"column":9},"end":{"line":5,"column":29}},"10":{"start":{"line":6,"column":0},"end":{"line":6,"column":9}},"11":{"start":{"line":6,"column":9},"end":{"line":6,"column":34}}},"fnMap":{"0":{"name":"(anonymous_1)","decl":{"start":{"line":1,"column":9},"end":{"line":1,"column":16}},"loc":{"start":{"line":1,"column":9},"end":{"line":1,"column":29}}},"1":{"name":"(anonymous_2)","decl":{"start":{"line":2,"column":9},"end":{"line":2,"column":16}},"loc":{"start":{"line":2,"column":9},"end":{"line":2,"column":34}}},"2":{"name":"(anonymous_3)","decl":{"start":{"line":3,"column":9},"end":{"line":3,"column":16}},"loc":{"start":{"line":3,"column":9},"end":{"line":3,"column":31}}},"3":{"name":"(anonymous_4)","decl":{"start":{"line":4,"column":9},"end":{"line":4,"column":16}},"loc":{"start":{"line":4,"column":9},"end":{"line":4,"column":28}}},"4":{"name":"(anonymous_5)","decl":{"start":{"line":5,"column":9},"end":{"line":5,"column":16}},"loc":{"start":{"line":5,"column":9},"end":{"line":5,"column":29}}},"5":{"name":"(anonymous_6)","decl":{"start":{"line":6,"column":9},"end":{"line":6,"column":16}},"loc":{"start":{"line":6,"column":9},"end":{"line":6,"column":34}}}},"branchMap":{},"s":{"0":0,"1":0,"2":0,"3":0,"4":0,"5":0,"6":0,"7":0,"8":0,"9":0,"10":0,"11":0},"f":{"0":0,"1":0,"2":0,"3":0,"4":0,"5":0},"b":{}}
,"C:\\Workspace\\smartbot-v2\\genai-platform-api\\src\\config\\jwt.config.ts": {"path":"C:\\Workspace\\smartbot-v2\\genai-platform-api\\src\\config\\jwt.config.ts","statementMap":{"0":{"start":{"line":1,"column":0},"end":{"line":1,"column":44}},"1":{"start":{"line":3,"column":0},"end":{"line":7,"column":4}},"2":{"start":{"line":3,"column":40},"end":{"line":7,"column":2}}},"fnMap":{"0":{"name":"(anonymous_0)","decl":{"start":{"line":3,"column":33},"end":{"line":3,"column":36}},"loc":{"start":{"line":3,"column":40},"end":{"line":7,"column":2}}}},"branchMap":{"0":{"loc":{"start":{"line":4,"column":10},"end":{"line":4,"column":65}},"type":"binary-expr","locations":[{"start":{"line":4,"column":10},"end":{"line":4,"column":32}},{"start":{"line":4,"column":36},"end":{"line":4,"column":65}}]},"1":{"loc":{"start":{"line":5,"column":22},"end":{"line":5,"column":57}},"type":"binary-expr","locations":[{"start":{"line":5,"column":22},"end":{"line":5,"column":48}},{"start":{"line":5,"column":52},"end":{"line":5,"column":57}}]},"2":{"loc":{"start":{"line":6,"column":23},"end":{"line":6,"column":62}},"type":"binary-expr","locations":[{"start":{"line":6,"column":23},"end":{"line":6,"column":50}},{"start":{"line":6,"column":54},"end":{"line":6,"column":62}}]}},"s":{"0":0,"1":0,"2":0},"f":{"0":0},"b":{"0":[0,0],"1":[0,0],"2":[0,0]}}
,"C:\\Workspace\\smartbot-v2\\genai-platform-api\\src\\config\\redis.config.ts": {"path":"C:\\Workspace\\smartbot-v2\\genai-platform-api\\src\\config\\redis.config.ts","statementMap":{"0":{"start":{"line":1,"column":0},"end":{"line":1,"column":44}},"1":{"start":{"line":3,"column":0},"end":{"line":5,"column":4}},"2":{"start":{"line":3,"column":42},"end":{"line":5,"column":2}}},"fnMap":{"0":{"name":"(anonymous_0)","decl":{"start":{"line":3,"column":35},"end":{"line":3,"column":38}},"loc":{"start":{"line":3,"column":42},"end":{"line":5,"column":2}}}},"branchMap":{"0":{"loc":{"start":{"line":4,"column":7},"end":{"line":4,"column":56}},"type":"binary-expr","locations":[{"start":{"line":4,"column":7},"end":{"line":4,"column":28}},{"start":{"line":4,"column":32},"end":{"line":4,"column":56}}]}},"s":{"0":0,"1":0,"2":0},"f":{"0":0},"b":{"0":[0,0]}}
,"C:\\Workspace\\smartbot-v2\\genai-platform-api\\src\\config\\s3.config.ts": {"path":"C:\\Workspace\\smartbot-v2\\genai-platform-api\\src\\config\\s3.config.ts","statementMap":{"0":{"start":{"line":1,"column":0},"end":{"line":1,"column":44}},"1":{"start":{"line":3,"column":0},"end":{"line":9,"column":4}},"2":{"start":{"line":3,"column":39},"end":{"line":9,"column":2}}},"fnMap":{"0":{"name":"(anonymous_0)","decl":{"start":{"line":3,"column":32},"end":{"line":3,"column":35}},"loc":{"start":{"line":3,"column":39},"end":{"line":9,"column":2}}}},"branchMap":{"0":{"loc":{"start":{"line":4,"column":12},"end":{"line":4,"column":62}},"type":"binary-expr","locations":[{"start":{"line":4,"column":12},"end":{"line":4,"column":35}},{"start":{"line":4,"column":39},"end":{"line":4,"column":62}}]},"1":{"loc":{"start":{"line":5,"column":13},"end":{"line":5,"column":54}},"type":"binary-expr","locations":[{"start":{"line":5,"column":13},"end":{"line":5,"column":38}},{"start":{"line":5,"column":42},"end":{"line":5,"column":54}}]},"2":{"loc":{"start":{"line":6,"column":13},"end":{"line":6,"column":54}},"type":"binary-expr","locations":[{"start":{"line":6,"column":13},"end":{"line":6,"column":38}},{"start":{"line":6,"column":42},"end":{"line":6,"column":54}}]},"3":{"loc":{"start":{"line":7,"column":10},"end":{"line":7,"column":51}},"type":"binary-expr","locations":[{"start":{"line":7,"column":10},"end":{"line":7,"column":31}},{"start":{"line":7,"column":35},"end":{"line":7,"column":51}}]},"4":{"loc":{"start":{"line":8,"column":10},"end":{"line":8,"column":46}},"type":"binary-expr","locations":[{"start":{"line":8,"column":10},"end":{"line":8,"column":31}},{"start":{"line":8,"column":35},"end":{"line":8,"column":46}}]}},"s":{"0":0,"1":0,"2":0},"f":{"0":0},"b":{"0":[0,0],"1":[0,0],"2":[0,0],"3":[0,0],"4":[0,0]}}
,"C:\\Workspace\\smartbot-v2\\genai-platform-api\\src\\modules\\analytics\\analytics.controller.ts": {"path":"C:\\Workspace\\smartbot-v2\\genai-platform-api\\src\\modules\\analytics\\analytics.controller.ts","statementMap":{"0":{"start":{"line":1,"column":0},"end":{"line":1,"column":78}},"1":{"start":{"line":2,"column":0},"end":{"line":2,"column":71}},"2":{"start":{"line":3,"column":0},"end":{"line":3,"column":81}},"3":{"start":{"line":4,"column":0},"end":{"line":4,"column":55}},"4":{"start":{"line":5,"column":0},"end":{"line":5,"column":84}},"5":{"start":{"line":10,"column":7},"end":{"line":73,"column":null}},"6":{"start":{"line":11,"column":31},"end":{"line":11,"column":49}},"7":{"start":{"line":16,"column":4},"end":{"line":16,"column":55}},"8":{"start":{"line":25,"column":4},"end":{"line":25,"column":95}},"9":{"start":{"line":34,"column":4},"end":{"line":34,"column":90}},"10":{"start":{"line":43,"column":4},"end":{"line":43,"column":76}},"11":{"start":{"line":52,"column":4},"end":{"line":52,"column":77}},"12":{"start":{"line":62,"column":4},"end":{"line":62,"column":79}},"13":{"start":{"line":71,"column":4},"end":{"line":71,"column":66}},"14":{"start":{"line":10,"column":13},"end":{"line":10,"column":32}},"15":{"start":{"line":15,"column":2},"end":{"line":17,"column":null}},"16":{"start":{"line":21,"column":2},"end":{"line":26,"column":null}},"17":{"start":{"line":30,"column":2},"end":{"line":35,"column":null}},"18":{"start":{"line":39,"column":2},"end":{"line":44,"column":null}},"19":{"start":{"line":48,"column":2},"end":{"line":53,"column":null}},"20":{"start":{"line":57,"column":2},"end":{"line":63,"column":null}},"21":{"start":{"line":67,"column":2},"end":{"line":72,"column":null}},"22":{"start":{"line":10,"column":13},"end":{"line":73,"column":null}}},"fnMap":{"0":{"name":"(anonymous_4)","decl":{"start":{"line":11,"column":2},"end":{"line":11,"column":31}},"loc":{"start":{"line":11,"column":65},"end":{"line":11,"column":69}}},"1":{"name":"(anonymous_5)","decl":{"start":{"line":15,"column":2},"end":{"line":15,"column":13}},"loc":{"start":{"line":15,"column":47},"end":{"line":17,"column":3}}},"2":{"name":"(anonymous_6)","decl":{"start":{"line":21,"column":2},"end":{"line":21,"column":18}},"loc":{"start":{"line":23,"column":37},"end":{"line":26,"column":3}}},"3":{"name":"(anonymous_7)","decl":{"start":{"line":30,"column":2},"end":{"line":30,"column":13}},"loc":{"start":{"line":32,"column":37},"end":{"line":35,"column":3}}},"4":{"name":"(anonymous_8)","decl":{"start":{"line":39,"column":2},"end":{"line":39,"column":12}},"loc":{"start":{"line":41,"column":37},"end":{"line":44,"column":3}}},"5":{"name":"(anonymous_9)","decl":{"start":{"line":48,"column":2},"end":{"line":48,"column":13}},"loc":{"start":{"line":50,"column":37},"end":{"line":53,"column":3}}},"6":{"name":"(anonymous_10)","decl":{"start":{"line":57,"column":2},"end":{"line":57,"column":17}},"loc":{"start":{"line":60,"column":40},"end":{"line":63,"column":3}}},"7":{"name":"(anonymous_11)","decl":{"start":{"line":67,"column":2},"end":{"line":67,"column":17}},"loc":{"start":{"line":69,"column":48},"end":{"line":72,"column":3}}}},"branchMap":{"0":{"loc":{"start":{"line":23,"column":20},"end":{"line":23,"column":null}},"type":"cond-expr","locations":[{"start":{"line":23,"column":37},"end":{"line":23,"column":null}},{"start":{"line":23,"column":37},"end":{"line":23,"column":null}}]},"1":{"loc":{"start":{"line":23,"column":20},"end":{"line":23,"column":37}},"type":"binary-expr","locations":[{"start":{"line":23,"column":20},"end":{"line":23,"column":null}},{"start":{"line":23,"column":20},"end":{"line":23,"column":37}}]},"2":{"loc":{"start":{"line":32,"column":20},"end":{"line":32,"column":null}},"type":"cond-expr","locations":[{"start":{"line":32,"column":37},"end":{"line":32,"column":null}},{"start":{"line":32,"column":37},"end":{"line":32,"column":null}}]},"3":{"loc":{"start":{"line":32,"column":20},"end":{"line":32,"column":37}},"type":"binary-expr","locations":[{"start":{"line":32,"column":20},"end":{"line":32,"column":null}},{"start":{"line":32,"column":20},"end":{"line":32,"column":37}}]},"4":{"loc":{"start":{"line":41,"column":20},"end":{"line":41,"column":null}},"type":"cond-expr","locations":[{"start":{"line":41,"column":37},"end":{"line":41,"column":null}},{"start":{"line":41,"column":37},"end":{"line":41,"column":null}}]},"5":{"loc":{"start":{"line":41,"column":20},"end":{"line":41,"column":37}},"type":"binary-expr","locations":[{"start":{"line":41,"column":20},"end":{"line":41,"column":null}},{"start":{"line":41,"column":20},"end":{"line":41,"column":37}}]},"6":{"loc":{"start":{"line":50,"column":20},"end":{"line":50,"column":null}},"type":"cond-expr","locations":[{"start":{"line":50,"column":37},"end":{"line":50,"column":null}},{"start":{"line":50,"column":37},"end":{"line":50,"column":null}}]},"7":{"loc":{"start":{"line":50,"column":20},"end":{"line":50,"column":37}},"type":"binary-expr","locations":[{"start":{"line":50,"column":20},"end":{"line":50,"column":null}},{"start":{"line":50,"column":20},"end":{"line":50,"column":37}}]},"8":{"loc":{"start":{"line":60,"column":20},"end":{"line":60,"column":null}},"type":"cond-expr","locations":[{"start":{"line":60,"column":40},"end":{"line":60,"column":null}},{"start":{"line":60,"column":40},"end":{"line":60,"column":null}}]},"9":{"loc":{"start":{"line":60,"column":20},"end":{"line":60,"column":40}},"type":"binary-expr","locations":[{"start":{"line":60,"column":20},"end":{"line":60,"column":null}},{"start":{"line":60,"column":20},"end":{"line":60,"column":40}}]},"10":{"loc":{"start":{"line":11,"column":49},"end":{"line":11,"column":68}},"type":"cond-expr","locations":[{"start":{"line":11,"column":65},"end":{"line":11,"column":68}},{"start":{"line":11,"column":65},"end":{"line":11,"column":68}}]},"11":{"loc":{"start":{"line":11,"column":49},"end":{"line":11,"column":65}},"type":"binary-expr","locations":[{"start":{"line":11,"column":49},"end":{"line":11,"column":68}},{"start":{"line":11,"column":49},"end":{"line":11,"column":65}}]}},"s":{"0":0,"1":0,"2":0,"3":0,"4":0,"5":0,"6":0,"7":0,"8":0,"9":0,"10":0,"11":0,"12":0,"13":0,"14":0,"15":0,"16":0,"17":0,"18":0,"19":0,"20":0,"21":0,"22":0},"f":{"0":0,"1":0,"2":0,"3":0,"4":0,"5":0,"6":0,"7":0},"b":{"0":[0,0],"1":[0,0],"2":[0,0],"3":[0,0],"4":[0,0],"5":[0,0],"6":[0,0],"7":[0,0],"8":[0,0],"9":[0,0],"10":[0,0],"11":[0,0]}}
,"C:\\Workspace\\smartbot-v2\\genai-platform-api\\src\\modules\\analytics\\analytics.module.ts": {"path":"C:\\Workspace\\smartbot-v2\\genai-platform-api\\src\\modules\\analytics\\analytics.module.ts","statementMap":{"0":{"start":{"line":1,"column":0},"end":{"line":1,"column":40}},"1":{"start":{"line":2,"column":0},"end":{"line":2,"column":55}},"2":{"start":{"line":3,"column":0},"end":{"line":3,"column":61}},"3":{"start":{"line":10,"column":7},"end":{"line":10,"column":null}},"4":{"start":{"line":10,"column":13},"end":{"line":10,"column":28}},"5":{"start":{"line":10,"column":13},"end":{"line":10,"column":null}}},"fnMap":{},"branchMap":{},"s":{"0":0,"1":0,"2":0,"3":0,"4":0,"5":0},"f":{},"b":{}}
,"C:\\Workspace\\smartbot-v2\\genai-platform-api\\src\\modules\\analytics\\analytics.service.ts": {"path":"C:\\Workspace\\smartbot-v2\\genai-platform-api\\src\\modules\\analytics\\analytics.service.ts","statementMap":{"0":{"start":{"line":1,"column":0},"end":{"line":1,"column":52}},"1":{"start":{"line":2,"column":0},"end":{"line":2,"column":67}},"2":{"start":{"line":3,"column":0},"end":{"line":3,"column":40}},"3":{"start":{"line":6,"column":29},"end":{"line":194,"column":null}},"4":{"start":{"line":7,"column":28},"end":{"line":7,"column":61}},"5":{"start":{"line":9,"column":31},"end":{"line":9,"column":39}},"6":{"start":{"line":12,"column":18},"end":{"line":12,"column":28}},"7":{"start":{"line":13,"column":4},"end":{"line":13,"column":31}},"8":{"start":{"line":21,"column":8},"end":{"line":41,"column":6}},"9":{"start":{"line":43,"column":4},"end":{"line":52,"column":6}},"10":{"start":{"line":56,"column":17},"end":{"line":56,"column":45}},"11":{"start":{"line":57,"column":22},"end":{"line":59,"column":20}},"12":{"start":{"line":61,"column":17},"end":{"line":79,"column":6}},"13":{"start":{"line":81,"column":4},"end":{"line":81,"column":16}},"14":{"start":{"line":85,"column":17},"end":{"line":85,"column":45}},"15":{"start":{"line":86,"column":22},"end":{"line":88,"column":20}},"16":{"start":{"line":90,"column":17},"end":{"line":102,"column":6}},"17":{"start":{"line":104,"column":4},"end":{"line":104,"column":16}},"18":{"start":{"line":108,"column":17},"end":{"line":108,"column":45}},"19":{"start":{"line":110,"column":17},"end":{"line":120,"column":6}},"20":{"start":{"line":122,"column":4},"end":{"line":122,"column":16}},"21":{"start":{"line":126,"column":17},"end":{"line":126,"column":45}},"22":{"start":{"line":128,"column":17},"end":{"line":138,"column":6}},"23":{"start":{"line":140,"column":4},"end":{"line":140,"column":16}},"24":{"start":{"line":144,"column":17},"end":{"line":157,"column":6}},"25":{"start":{"line":159,"column":4},"end":{"line":159,"column":16}},"26":{"start":{"line":163,"column":17},"end":{"line":173,"column":6}},"27":{"start":{"line":175,"column":49},"end":{"line":175,"column":81}},"28":{"start":{"line":176,"column":4},"end":{"line":178,"column":5}},"29":{"start":{"line":177,"column":6},"end":{"line":177,"column":43}},"30":{"start":{"line":180,"column":25},"end":{"line":180,"column":79}},"31":{"start":{"line":180,"column":62},"end":{"line":180,"column":75}},"32":{"start":{"line":181,"column":22},"end":{"line":183,"column":9}},"33":{"start":{"line":182,"column":45},"end":{"line":182,"column":69}},"34":{"start":{"line":185,"column":4},"end":{"line":185,"column":88}},"35":{"start":{"line":189,"column":40},"end":{"line":191,"column":6}},"36":{"start":{"line":192,"column":4},"end":{"line":192,"column":28}},"37":{"start":{"line":6,"column":13},"end":{"line":6,"column":29}},"38":{"start":{"line":6,"column":13},"end":{"line":194,"column":null}}},"fnMap":{"0":{"name":"(anonymous_2)","decl":{"start":{"line":9,"column":2},"end":{"line":9,"column":31}},"loc":{"start":{"line":9,"column":52},"end":{"line":9,"column":56}}},"1":{"name":"(anonymous_3)","decl":{"start":{"line":11,"column":2},"end":{"line":11,"column":7}},"loc":{"start":{"line":11,"column":36},"end":{"line":53,"column":3}}},"2":{"name":"(anonymous_4)","decl":{"start":{"line":55,"column":2},"end":{"line":55,"column":7}},"loc":{"start":{"line":55,"column":81},"end":{"line":82,"column":3}}},"3":{"name":"(anonymous_5)","decl":{"start":{"line":84,"column":2},"end":{"line":84,"column":7}},"loc":{"start":{"line":84,"column":76},"end":{"line":105,"column":3}}},"4":{"name":"(anonymous_6)","decl":{"start":{"line":107,"column":2},"end":{"line":107,"column":7}},"loc":{"start":{"line":107,"column":59},"end":{"line":123,"column":3}}},"5":{"name":"(anonymous_7)","decl":{"start":{"line":125,"column":2},"end":{"line":125,"column":7}},"loc":{"start":{"line":125,"column":60},"end":{"line":141,"column":3}}},"6":{"name":"(anonymous_8)","decl":{"start":{"line":143,"column":2},"end":{"line":143,"column":7}},"loc":{"start":{"line":143,"column":70},"end":{"line":160,"column":3}}},"7":{"name":"(anonymous_9)","decl":{"start":{"line":162,"column":2},"end":{"line":162,"column":7}},"loc":{"start":{"line":162,"column":55},"end":{"line":186,"column":3}}},"8":{"name":"(anonymous_10)","decl":{"start":{"line":180,"column":37},"end":{"line":180,"column":38}},"loc":{"start":{"line":180,"column":62},"end":{"line":180,"column":75}}},"9":{"name":"(anonymous_11)","decl":{"start":{"line":182,"column":20},"end":{"line":182,"column":21}},"loc":{"start":{"line":182,"column":45},"end":{"line":182,"column":69}}},"10":{"name":"(anonymous_12)","decl":{"start":{"line":188,"column":10},"end":{"line":188,"column":25}},"loc":{"start":{"line":188,"column":40},"end":{"line":193,"column":3}}}},"branchMap":{"0":{"loc":{"start":{"line":46,"column":19},"end":{"line":46,"column":48}},"type":"binary-expr","locations":[{"start":{"line":46,"column":19},"end":{"line":46,"column":43}},{"start":{"line":46,"column":47},"end":{"line":46,"column":48}}]},"1":{"loc":{"start":{"line":47,"column":24},"end":{"line":49,"column":11}},"type":"cond-expr","locations":[{"start":{"line":48,"column":10},"end":{"line":48,"column":93}},{"start":{"line":49,"column":10},"end":{"line":49,"column":11}}]},"2":{"loc":{"start":{"line":57,"column":22},"end":{"line":59,"column":20}},"type":"cond-expr","locations":[{"start":{"line":58,"column":8},"end":{"line":58,"column":49}},{"start":{"line":59,"column":8},"end":{"line":59,"column":20}}]},"3":{"loc":{"start":{"line":86,"column":22},"end":{"line":88,"column":20}},"type":"cond-expr","locations":[{"start":{"line":87,"column":8},"end":{"line":87,"column":47}},{"start":{"line":88,"column":8},"end":{"line":88,"column":20}}]},"4":{"loc":{"start":{"line":181,"column":22},"end":{"line":183,"column":9}},"type":"cond-expr","locations":[{"start":{"line":182,"column":8},"end":{"line":182,"column":88}},{"start":{"line":183,"column":8},"end":{"line":183,"column":9}}]},"5":{"loc":{"start":{"line":192,"column":11},"end":{"line":192,"column":27}},"type":"binary-expr","locations":[{"start":{"line":192,"column":11},"end":{"line":192,"column":22}},{"start":{"line":192,"column":26},"end":{"line":192,"column":27}}]},"6":{"loc":{"start":{"line":9,"column":39},"end":{"line":9,"column":55}},"type":"cond-expr","locations":[{"start":{"line":9,"column":52},"end":{"line":9,"column":55}},{"start":{"line":9,"column":52},"end":{"line":9,"column":55}}]},"7":{"loc":{"start":{"line":9,"column":39},"end":{"line":9,"column":52}},"type":"binary-expr","locations":[{"start":{"line":9,"column":39},"end":{"line":9,"column":55}},{"start":{"line":9,"column":39},"end":{"line":9,"column":52}}]}},"s":{"0":0,"1":0,"2":0,"3":0,"4":0,"5":0,"6":0,"7":0,"8":0,"9":0,"10":0,"11":0,"12":0,"13":0,"14":0,"15":0,"16":0,"17":0,"18":0,"19":0,"20":0,"21":0,"22":0,"23":0,"24":0,"25":0,"26":0,"27":0,"28":0,"29":0,"30":0,"31":0,"32":0,"33":0,"34":0,"35":0,"36":0,"37":0,"38":0},"f":{"0":0,"1":0,"2":0,"3":0,"4":0,"5":0,"6":0,"7":0,"8":0,"9":0,"10":0},"b":{"0":[0,0],"1":[0,0],"2":[0,0],"3":[0,0],"4":[0,0],"5":[0,0],"6":[0,0],"7":[0,0]}}
,"C:\\Workspace\\smartbot-v2\\genai-platform-api\\src\\modules\\analytics\\dto\\analytics-query.dto.ts": {"path":"C:\\Workspace\\smartbot-v2\\genai-platform-api\\src\\modules\\analytics\\dto\\analytics-query.dto.ts","statementMap":{"0":{"start":{"line":1,"column":0},"end":{"line":1,"column":54}},"1":{"start":{"line":2,"column":0},"end":{"line":2,"column":78}},"2":{"start":{"line":3,"column":0},"end":{"line":3,"column":41}},"3":{"start":{"line":10,"column":19},"end":{"line":10,"column":23}},"4":{"start":{"line":5,"column":0},"end":{"line":5,"column":13}},"5":{"start":{"line":10,"column":2},"end":{"line":10,"column":null}},"6":{"start":{"line":15,"column":2},"end":{"line":15,"column":null}},"7":{"start":{"line":25,"column":18},"end":{"line":25,"column":20}},"8":{"start":{"line":18,"column":0},"end":{"line":18,"column":13}},"9":{"start":{"line":25,"column":2},"end":{"line":25,"column":null}},"10":{"start":{"line":21,"column":14},"end":{"line":21,"column":20}}},"fnMap":{"0":{"name":"(anonymous_2)","decl":{"start":{"line":21,"column":8},"end":{"line":21,"column":11}},"loc":{"start":{"line":21,"column":14},"end":{"line":21,"column":20}}}},"branchMap":{},"s":{"0":0,"1":0,"2":0,"3":0,"4":0,"5":0,"6":0,"7":0,"8":0,"9":0,"10":0},"f":{"0":0},"b":{}}
,"C:\\Workspace\\smartbot-v2\\genai-platform-api\\src\\modules\\auth\\auth.controller.ts": {"path":"C:\\Workspace\\smartbot-v2\\genai-platform-api\\src\\modules\\auth\\auth.controller.ts","statementMap":{"0":{"start":{"line":1,"column":0},"end":{"line":1,"column":56}},"1":{"start":{"line":2,"column":0},"end":{"line":2,"column":56}},"2":{"start":{"line":3,"column":0},"end":{"line":3,"column":66}},"3":{"start":{"line":4,"column":0},"end":{"line":4,"column":45}},"4":{"start":{"line":5,"column":0},"end":{"line":5,"column":49}},"5":{"start":{"line":6,"column":0},"end":{"line":6,"column":43}},"6":{"start":{"line":7,"column":0},"end":{"line":7,"column":58}},"7":{"start":{"line":8,"column":0},"end":{"line":8,"column":62}},"8":{"start":{"line":9,"column":0},"end":{"line":9,"column":60}},"9":{"start":{"line":10,"column":0},"end":{"line":10,"column":56}},"10":{"start":{"line":11,"column":0},"end":{"line":11,"column":56}},"11":{"start":{"line":15,"column":7},"end":{"line":72,"column":null}},"12":{"start":{"line":16,"column":31},"end":{"line":16,"column":44}},"13":{"start":{"line":22,"column":4},"end":{"line":22,"column":42}},"14":{"start":{"line":29,"column":4},"end":{"line":29,"column":39}},"15":{"start":{"line":35,"column":4},"end":{"line":35,"column":53}},"16":{"start":{"line":42,"column":4},"end":{"line":42,"column":60}},"17":{"start":{"line":49,"column":4},"end":{"line":49,"column":54}},"18":{"start":{"line":56,"column":4},"end":{"line":56,"column":70}},"19":{"start":{"line":63,"column":4},"end":{"line":63,"column":51}},"20":{"start":{"line":70,"column":4},"end":{"line":70,"column":53}},"21":{"start":{"line":15,"column":13},"end":{"line":15,"column":27}},"22":{"start":{"line":21,"column":2},"end":{"line":23,"column":null}},"23":{"start":{"line":28,"column":2},"end":{"line":30,"column":null}},"24":{"start":{"line":34,"column":2},"end":{"line":36,"column":null}},"25":{"start":{"line":41,"column":2},"end":{"line":43,"column":null}},"26":{"start":{"line":48,"column":2},"end":{"line":50,"column":null}},"27":{"start":{"line":55,"column":2},"end":{"line":57,"column":null}},"28":{"start":{"line":62,"column":2},"end":{"line":64,"column":null}},"29":{"start":{"line":69,"column":2},"end":{"line":71,"column":null}},"30":{"start":{"line":15,"column":13},"end":{"line":72,"column":null}}},"fnMap":{"0":{"name":"(anonymous_4)","decl":{"start":{"line":16,"column":2},"end":{"line":16,"column":31}},"loc":{"start":{"line":16,"column":55},"end":{"line":16,"column":59}}},"1":{"name":"(anonymous_5)","decl":{"start":{"line":21,"column":2},"end":{"line":21,"column":10}},"loc":{"start":{"line":21,"column":35},"end":{"line":23,"column":3}}},"2":{"name":"(anonymous_6)","decl":{"start":{"line":28,"column":2},"end":{"line":28,"column":7}},"loc":{"start":{"line":28,"column":29},"end":{"line":30,"column":3}}},"3":{"name":"(anonymous_7)","decl":{"start":{"line":34,"column":2},"end":{"line":34,"column":8}},"loc":{"start":{"line":34,"column":37},"end":{"line":36,"column":3}}},"4":{"name":"(anonymous_8)","decl":{"start":{"line":41,"column":2},"end":{"line":41,"column":9}},"loc":{"start":{"line":41,"column":38},"end":{"line":43,"column":3}}},"5":{"name":"(anonymous_9)","decl":{"start":{"line":48,"column":2},"end":{"line":48,"column":16}},"loc":{"start":{"line":48,"column":47},"end":{"line":50,"column":3}}},"6":{"name":"(anonymous_10)","decl":{"start":{"line":55,"column":2},"end":{"line":55,"column":15}},"loc":{"start":{"line":55,"column":45},"end":{"line":57,"column":3}}},"7":{"name":"(anonymous_11)","decl":{"start":{"line":62,"column":2},"end":{"line":62,"column":13}},"loc":{"start":{"line":62,"column":41},"end":{"line":64,"column":3}}},"8":{"name":"(anonymous_12)","decl":{"start":{"line":69,"column":2},"end":{"line":69,"column":13}},"loc":{"start":{"line":69,"column":41},"end":{"line":71,"column":3}}}},"branchMap":{"0":{"loc":{"start":{"line":21,"column":24},"end":{"line":21,"column":null}},"type":"cond-expr","locations":[{"start":{"line":21,"column":35},"end":{"line":21,"column":null}},{"start":{"line":21,"column":35},"end":{"line":21,"column":null}}]},"1":{"loc":{"start":{"line":21,"column":24},"end":{"line":21,"column":35}},"type":"binary-expr","locations":[{"start":{"line":21,"column":24},"end":{"line":21,"column":null}},{"start":{"line":21,"column":24},"end":{"line":21,"column":35}}]},"2":{"loc":{"start":{"line":28,"column":21},"end":{"line":28,"column":null}},"type":"cond-expr","locations":[{"start":{"line":28,"column":29},"end":{"line":28,"column":null}},{"start":{"line":28,"column":29},"end":{"line":28,"column":null}}]},"3":{"loc":{"start":{"line":28,"column":21},"end":{"line":28,"column":29}},"type":"binary-expr","locations":[{"start":{"line":28,"column":21},"end":{"line":28,"column":null}},{"start":{"line":28,"column":21},"end":{"line":28,"column":29}}]},"4":{"loc":{"start":{"line":34,"column":22},"end":{"line":34,"column":null}},"type":"cond-expr","locations":[{"start":{"line":34,"column":37},"end":{"line":34,"column":null}},{"start":{"line":34,"column":37},"end":{"line":34,"column":null}}]},"5":{"loc":{"start":{"line":34,"column":22},"end":{"line":34,"column":37}},"type":"binary-expr","locations":[{"start":{"line":34,"column":22},"end":{"line":34,"column":null}},{"start":{"line":34,"column":22},"end":{"line":34,"column":37}}]},"6":{"loc":{"start":{"line":41,"column":23},"end":{"line":41,"column":null}},"type":"cond-expr","locations":[{"start":{"line":41,"column":38},"end":{"line":41,"column":null}},{"start":{"line":41,"column":38},"end":{"line":41,"column":null}}]},"7":{"loc":{"start":{"line":41,"column":23},"end":{"line":41,"column":38}},"type":"binary-expr","locations":[{"start":{"line":41,"column":23},"end":{"line":41,"column":null}},{"start":{"line":41,"column":23},"end":{"line":41,"column":38}}]},"8":{"loc":{"start":{"line":48,"column":30},"end":{"line":48,"column":null}},"type":"cond-expr","locations":[{"start":{"line":48,"column":47},"end":{"line":48,"column":null}},{"start":{"line":48,"column":47},"end":{"line":48,"column":null}}]},"9":{"loc":{"start":{"line":48,"column":30},"end":{"line":48,"column":47}},"type":"binary-expr","locations":[{"start":{"line":48,"column":30},"end":{"line":48,"column":null}},{"start":{"line":48,"column":30},"end":{"line":48,"column":47}}]},"10":{"loc":{"start":{"line":55,"column":29},"end":{"line":55,"column":null}},"type":"cond-expr","locations":[{"start":{"line":55,"column":45},"end":{"line":55,"column":null}},{"start":{"line":55,"column":45},"end":{"line":55,"column":null}}]},"11":{"loc":{"start":{"line":55,"column":29},"end":{"line":55,"column":45}},"type":"binary-expr","locations":[{"start":{"line":55,"column":29},"end":{"line":55,"column":null}},{"start":{"line":55,"column":29},"end":{"line":55,"column":45}}]},"12":{"loc":{"start":{"line":62,"column":27},"end":{"line":62,"column":null}},"type":"cond-expr","locations":[{"start":{"line":62,"column":41},"end":{"line":62,"column":null}},{"start":{"line":62,"column":41},"end":{"line":62,"column":null}}]},"13":{"loc":{"start":{"line":62,"column":27},"end":{"line":62,"column":41}},"type":"binary-expr","locations":[{"start":{"line":62,"column":27},"end":{"line":62,"column":null}},{"start":{"line":62,"column":27},"end":{"line":62,"column":41}}]},"14":{"loc":{"start":{"line":69,"column":27},"end":{"line":69,"column":null}},"type":"cond-expr","locations":[{"start":{"line":69,"column":41},"end":{"line":69,"column":null}},{"start":{"line":69,"column":41},"end":{"line":69,"column":null}}]},"15":{"loc":{"start":{"line":69,"column":27},"end":{"line":69,"column":41}},"type":"binary-expr","locations":[{"start":{"line":69,"column":27},"end":{"line":69,"column":null}},{"start":{"line":69,"column":27},"end":{"line":69,"column":41}}]},"16":{"loc":{"start":{"line":16,"column":44},"end":{"line":16,"column":58}},"type":"cond-expr","locations":[{"start":{"line":16,"column":55},"end":{"line":16,"column":58}},{"start":{"line":16,"column":55},"end":{"line":16,"column":58}}]},"17":{"loc":{"start":{"line":16,"column":44},"end":{"line":16,"column":55}},"type":"binary-expr","locations":[{"start":{"line":16,"column":44},"end":{"line":16,"column":58}},{"start":{"line":16,"column":44},"end":{"line":16,"column":55}}]}},"s":{"0":0,"1":0,"2":0,"3":0,"4":0,"5":0,"6":0,"7":0,"8":0,"9":0,"10":0,"11":0,"12":0,"13":0,"14":0,"15":0,"16":0,"17":0,"18":0,"19":0,"20":0,"21":0,"22":0,"23":0,"24":0,"25":0,"26":0,"27":0,"28":0,"29":0,"30":0},"f":{"0":0,"1":0,"2":0,"3":0,"4":0,"5":0,"6":0,"7":0,"8":0},"b":{"0":[0,0],"1":[0,0],"2":[0,0],"3":[0,0],"4":[0,0],"5":[0,0],"6":[0,0],"7":[0,0],"8":[0,0],"9":[0,0],"10":[0,0],"11":[0,0],"12":[0,0],"13":[0,0],"14":[0,0],"15":[0,0],"16":[0,0],"17":[0,0]}}
,"C:\\Workspace\\smartbot-v2\\genai-platform-api\\src\\modules\\auth\\auth.module.ts": {"path":"C:\\Workspace\\smartbot-v2\\genai-platform-api\\src\\modules\\auth\\auth.module.ts","statementMap":{"0":{"start":{"line":1,"column":0},"end":{"line":1,"column":40}},"1":{"start":{"line":2,"column":0},"end":{"line":2,"column":40}},"2":{"start":{"line":3,"column":0},"end":{"line":3,"column":50}},"3":{"start":{"line":4,"column":0},"end":{"line":4,"column":61}},"4":{"start":{"line":5,"column":0},"end":{"line":5,"column":45}},"5":{"start":{"line":6,"column":0},"end":{"line":6,"column":51}},"6":{"start":{"line":7,"column":0},"end":{"line":7,"column":56}},"7":{"start":{"line":27,"column":7},"end":{"line":27,"column":null}},"8":{"start":{"line":27,"column":13},"end":{"line":27,"column":23}},"9":{"start":{"line":27,"column":13},"end":{"line":27,"column":null}},"10":{"start":{"line":15,"column":53},"end":{"line":20,"column":8}}},"fnMap":{"0":{"name":"(anonymous_1)","decl":{"start":{"line":15,"column":18},"end":{"line":15,"column":19}},"loc":{"start":{"line":15,"column":53},"end":{"line":20,"column":8}}}},"branchMap":{},"s":{"0":0,"1":0,"2":0,"3":0,"4":0,"5":0,"6":0,"7":0,"8":0,"9":0,"10":0},"f":{"0":0},"b":{}}
,"C:\\Workspace\\smartbot-v2\\genai-platform-api\\src\\modules\\auth\\auth.service.ts": {"path":"C:\\Workspace\\smartbot-v2\\genai-platform-api\\src\\modules\\auth\\auth.service.ts","statementMap":{"0":{"start":{"line":1,"column":0},"end":{"line":1,"column":null}},"1":{"start":{"line":8,"column":0},"end":{"line":8,"column":47}},"2":{"start":{"line":9,"column":0},"end":{"line":9,"column":41}},"3":{"start":{"line":10,"column":0},"end":{"line":10,"column":33}},"4":{"start":{"line":11,"column":0},"end":{"line":11,"column":67}},"5":{"start":{"line":12,"column":0},"end":{"line":12,"column":55}},"6":{"start":{"line":13,"column":0},"end":{"line":13,"column":58}},"7":{"start":{"line":18,"column":24},"end":{"line":297,"column":null}},"8":{"start":{"line":19,"column":28},"end":{"line":19,"column":56}},"9":{"start":{"line":22,"column":21},"end":{"line":22,"column":29}},"10":{"start":{"line":23,"column":21},"end":{"line":23,"column":33}},"11":{"start":{"line":24,"column":21},"end":{"line":24,"column":36}},"12":{"start":{"line":28,"column":21},"end":{"line":30,"column":6}},"13":{"start":{"line":31,"column":4},"end":{"line":33,"column":5}},"14":{"start":{"line":32,"column":6},"end":{"line":32,"column":62}},"15":{"start":{"line":35,"column":25},"end":{"line":35,"column":60}},"16":{"start":{"line":36,"column":21},"end":{"line":36,"column":60}},"17":{"start":{"line":39,"column":21},"end":{"line":41,"column":6}},"18":{"start":{"line":43,"column":19},"end":{"line":104,"column":6}},"19":{"start":{"line":45,"column":19},"end":{"line":52,"column":8}},"20":{"start":{"line":55,"column":21},"end":{"line":62,"column":8}},"21":{"start":{"line":65,"column":6},"end":{"line":73,"column":9}},"22":{"start":{"line":76,"column":6},"end":{"line":101,"column":7}},"23":{"start":{"line":77,"column":20},"end":{"line":77,"column":30}},"24":{"start":{"line":78,"column":26},"end":{"line":78,"column":39}},"25":{"start":{"line":79,"column":8},"end":{"line":79,"column":53}},"26":{"start":{"line":81,"column":8},"end":{"line":90,"column":11}},"27":{"start":{"line":93,"column":8},"end":{"line":100,"column":11}},"28":{"start":{"line":103,"column":6},"end":{"line":103,"column":30}},"29":{"start":{"line":106,"column":19},"end":{"line":109,"column":null}},"30":{"start":{"line":112,"column":4},"end":{"line":120,"column":6}},"31":{"start":{"line":124,"column":17},"end":{"line":134,"column":6}},"32":{"start":{"line":136,"column":4},"end":{"line":138,"column":5}},"33":{"start":{"line":137,"column":6},"end":{"line":137,"column":67}},"34":{"start":{"line":140,"column":28},"end":{"line":140,"column":81}},"35":{"start":{"line":141,"column":4},"end":{"line":143,"column":5}},"36":{"start":{"line":142,"column":6},"end":{"line":142,"column":67}},"37":{"start":{"line":145,"column":4},"end":{"line":147,"column":5}},"38":{"start":{"line":146,"column":6},"end":{"line":146,"column":63}},"39":{"start":{"line":149,"column":23},"end":{"line":149,"column":42}},"40":{"start":{"line":150,"column":4},"end":{"line":152,"column":5}},"41":{"start":{"line":151,"column":6},"end":{"line":151,"column":69}},"42":{"start":{"line":155,"column":4},"end":{"line":158,"column":7}},"43":{"start":{"line":160,"column":19},"end":{"line":163,"column":null}},"44":{"start":{"line":166,"column":4},"end":{"line":169,"column":6}},"45":{"start":{"line":173,"column":4},"end":{"line":175,"column":7}},"46":{"start":{"line":176,"column":4},"end":{"line":176,"column":50}},"47":{"start":{"line":180,"column":19},"end":{"line":193,"column":6}},"48":{"start":{"line":195,"column":4},"end":{"line":200,"column":5}},"49":{"start":{"line":196,"column":6},"end":{"line":198,"column":7}},"50":{"start":{"line":197,"column":8},"end":{"line":197,"column":76}},"51":{"start":{"line":199,"column":6},"end":{"line":199,"column":74}},"52":{"start":{"line":203,"column":4},"end":{"line":203,"column":72}},"53":{"start":{"line":205,"column":23},"end":{"line":205,"column":49}},"54":{"start":{"line":206,"column":4},"end":{"line":208,"column":5}},"55":{"start":{"line":207,"column":6},"end":{"line":207,"column":69}},"56":{"start":{"line":210,"column":4},"end":{"line":214,"column":6}},"57":{"start":{"line":218,"column":17},"end":{"line":220,"column":6}},"58":{"start":{"line":222,"column":4},"end":{"line":225,"column":5}},"59":{"start":{"line":224,"column":6},"end":{"line":224,"column":76}},"60":{"start":{"line":227,"column":23},"end":{"line":227,"column":38}},"61":{"start":{"line":228,"column":4},"end":{"line":230,"column":6}},"62":{"start":{"line":232,"column":4},"end":{"line":232,"column":74}},"63":{"start":{"line":237,"column":4},"end":{"line":237,"column":81}},"64":{"start":{"line":238,"column":4},"end":{"line":240,"column":6}},"65":{"start":{"line":245,"column":4},"end":{"line":245,"column":79}},"66":{"start":{"line":246,"column":4},"end":{"line":248,"column":6}},"67":{"start":{"line":253,"column":4},"end":{"line":253,"column":71}},"68":{"start":{"line":254,"column":4},"end":{"line":256,"column":6}},"69":{"start":{"line":264,"column":20},"end":{"line":264,"column":46}},"70":{"start":{"line":266,"column":24},"end":{"line":268,"column":6}},"71":{"start":{"line":270,"column":30},"end":{"line":270,"column":47}},"72":{"start":{"line":271,"column":23},"end":{"line":271,"column":81}},"73":{"start":{"line":273,"column":4},"end":{"line":279,"column":7}},"74":{"start":{"line":281,"column":4},"end":{"line":281,"column":60}},"75":{"start":{"line":285,"column":4},"end":{"line":295,"column":6}},"76":{"start":{"line":18,"column":13},"end":{"line":18,"column":24}},"77":{"start":{"line":18,"column":13},"end":{"line":297,"column":null}}},"fnMap":{"0":{"name":"(anonymous_11)","decl":{"start":{"line":21,"column":2},"end":{"line":21,"column":null}},"loc":{"start":{"line":24,"column":49},"end":{"line":25,"column":6}}},"1":{"name":"(anonymous_12)","decl":{"start":{"line":27,"column":2},"end":{"line":27,"column":7}},"loc":{"start":{"line":27,"column":33},"end":{"line":121,"column":3}}},"2":{"name":"(anonymous_13)","decl":{"start":{"line":43,"column":50},"end":{"line":43,"column":55}},"loc":{"start":{"line":43,"column":68},"end":{"line":104,"column":5}}},"3":{"name":"(anonymous_14)","decl":{"start":{"line":123,"column":2},"end":{"line":123,"column":7}},"loc":{"start":{"line":123,"column":27},"end":{"line":170,"column":3}}},"4":{"name":"(anonymous_15)","decl":{"start":{"line":172,"column":2},"end":{"line":172,"column":7}},"loc":{"start":{"line":172,"column":35},"end":{"line":177,"column":3}}},"5":{"name":"(anonymous_16)","decl":{"start":{"line":179,"column":2},"end":{"line":179,"column":7}},"loc":{"start":{"line":179,"column":42},"end":{"line":215,"column":3}}},"6":{"name":"(anonymous_17)","decl":{"start":{"line":217,"column":2},"end":{"line":217,"column":7}},"loc":{"start":{"line":217,"column":36},"end":{"line":233,"column":3}}},"7":{"name":"(anonymous_18)","decl":{"start":{"line":235,"column":2},"end":{"line":235,"column":7}},"loc":{"start":{"line":235,"column":56},"end":{"line":241,"column":3}}},"8":{"name":"(anonymous_19)","decl":{"start":{"line":243,"column":2},"end":{"line":243,"column":7}},"loc":{"start":{"line":243,"column":33},"end":{"line":249,"column":3}}},"9":{"name":"(anonymous_20)","decl":{"start":{"line":251,"column":2},"end":{"line":251,"column":7}},"loc":{"start":{"line":251,"column":35},"end":{"line":257,"column":3}}},"10":{"name":"(anonymous_21)","decl":{"start":{"line":259,"column":10},"end":{"line":259,"column":15}},"loc":{"start":{"line":262,"column":16},"end":{"line":282,"column":3}}},"11":{"name":"(anonymous_22)","decl":{"start":{"line":284,"column":10},"end":{"line":284,"column":22}},"loc":{"start":{"line":284,"column":32},"end":{"line":296,"column":3}}}},"branchMap":{"0":{"loc":{"start":{"line":31,"column":4},"end":{"line":33,"column":5}},"type":"if","locations":[{"start":{"line":31,"column":4},"end":{"line":33,"column":5}},{"start":{},"end":{}}]},"1":{"loc":{"start":{"line":36,"column":21},"end":{"line":36,"column":60}},"type":"binary-expr","locations":[{"start":{"line":36,"column":21},"end":{"line":36,"column":33}},{"start":{"line":36,"column":37},"end":{"line":36,"column":60}}]},"2":{"loc":{"start":{"line":76,"column":6},"end":{"line":101,"column":7}},"type":"if","locations":[{"start":{"line":76,"column":6},"end":{"line":101,"column":7}},{"start":{},"end":{}}]},"3":{"loc":{"start":{"line":136,"column":4},"end":{"line":138,"column":5}},"type":"if","locations":[{"start":{"line":136,"column":4},"end":{"line":138,"column":5}},{"start":{},"end":{}}]},"4":{"loc":{"start":{"line":136,"column":8},"end":{"line":136,"column":35}},"type":"binary-expr","locations":[{"start":{"line":136,"column":8},"end":{"line":136,"column":13}},{"start":{"line":136,"column":17},"end":{"line":136,"column":35}}]},"5":{"loc":{"start":{"line":141,"column":4},"end":{"line":143,"column":5}},"type":"if","locations":[{"start":{"line":141,"column":4},"end":{"line":143,"column":5}},{"start":{},"end":{}}]},"6":{"loc":{"start":{"line":145,"column":4},"end":{"line":147,"column":5}},"type":"if","locations":[{"start":{"line":145,"column":4},"end":{"line":147,"column":5}},{"start":{},"end":{}}]},"7":{"loc":{"start":{"line":150,"column":4},"end":{"line":152,"column":5}},"type":"if","locations":[{"start":{"line":150,"column":4},"end":{"line":152,"column":5}},{"start":{},"end":{}}]},"8":{"loc":{"start":{"line":195,"column":4},"end":{"line":200,"column":5}},"type":"if","locations":[{"start":{"line":195,"column":4},"end":{"line":200,"column":5}},{"start":{},"end":{}}]},"9":{"loc":{"start":{"line":195,"column":8},"end":{"line":195,"column":48}},"type":"binary-expr","locations":[{"start":{"line":195,"column":8},"end":{"line":195,"column":15}},{"start":{"line":195,"column":19},"end":{"line":195,"column":48}}]},"10":{"loc":{"start":{"line":196,"column":6},"end":{"line":198,"column":7}},"type":"if","locations":[{"start":{"line":196,"column":6},"end":{"line":198,"column":7}},{"start":{},"end":{}}]},"11":{"loc":{"start":{"line":206,"column":4},"end":{"line":208,"column":5}},"type":"if","locations":[{"start":{"line":206,"column":4},"end":{"line":208,"column"
[...]
,"C:\\Workspace\\smartbot-v2\\genai-platform-api\\src\\modules\\tenants\\tenants.module.ts": {"path":"C:\\Workspace\\smartbot-v2\\genai-platform-api\\src\\modules\\tenants\\tenants.module.ts","statementMap":{"0":{"start":{"line":1,"column":0},"end":{"line":1,"column":40}},"1":{"start":{"line":2,"column":0},"end":{"line":2,"column":57}},"2":{"start":{"line":3,"column":0},"end":{"line":3,"column":51}},"3":{"start":{"line":10,"column":7},"end":{"line":10,"column":null}},"4":{"start":{"line":10,"column":13},"end":{"line":10,"column":26}},"5":{"start":{"line":10,"column":13},"end":{"line":10,"column":null}}},"fnMap":{},"branchMap":{},"s":{"0":0,"1":0,"2":0,"3":0,"4":0,"5":0},"f":{},"b":{}}
,"C:\\Workspace\\smartbot-v2\\genai-platform-api\\src\\modules\\tenants\\tenants.service.ts": {"path":"C:\\Workspace\\smartbot-v2\\genai-platform-api\\src\\modules\\tenants\\tenants.service.ts","statementMap":{"0":{"start":{"line":1,"column":0},"end":{"line":1,"column":null}},"1":{"start":{"line":6,"column":0},"end":{"line":6,"column":67}},"2":{"start":{"line":12,"column":7},"end":{"line":160,"column":null}},"3":{"start":{"line":13,"column":31},"end":{"line":13,"column":39}},"4":{"start":{"line":16,"column":19},"end":{"line":22,"column":6}},"5":{"start":{"line":23,"column":4},"end":{"line":23,"column":65}},"6":{"start":{"line":23,"column":17},"end":{"line":23,"column":65}},"7":{"start":{"line":24,"column":4},"end":{"line":24,"column":18}},"8":{"start":{"line":32,"column":4},"end":{"line":34,"column":5}},"9":{"start":{"line":33,"column":6},"end":{"line":33,"column":76}},"10":{"start":{"line":35,"column":4},"end":{"line":42,"column":7}},"11":{"start":{"line":46,"column":4},"end":{"line":59,"column":7}},"12":{"start":{"line":63,"column":4},"end":{"line":65,"column":5}},"13":{"start":{"line":64,"column":6},"end":{"line":64,"column":77}},"14":{"start":{"line":68,"column":15},"end":{"line":70,"column":6}},"15":{"start":{"line":72,"column":4},"end":{"line":80,"column":5}},"16":{"start":{"line":73,"column":6},"end":{"line":79,"column":9}},"17":{"start":{"line":83,"column":21},"end":{"line":85,"column":6}},"18":{"start":{"line":87,"column":4},"end":{"line":89,"column":5}},"19":{"start":{"line":88,"column":6},"end":{"line":88,"column":78}},"20":{"start":{"line":91,"column":4},"end":{"line":103,"column":7}},"21":{"start":{"line":112,"column":4},"end":{"line":114,"column":5}},"22":{"start":{"line":113,"column":6},"end":{"line":113,"column":73}},"23":{"start":{"line":116,"column":19},"end":{"line":118,"column":6}},"24":{"start":{"line":120,"column":4},"end":{"line":120,"column":65}},"25":{"start":{"line":120,"column":17},"end":{"line":120,"column":65}},"26":{"start":{"line":121,"column":4},"end":{"line":123,"column":5}},"27":{"start":{"line":122,"column":6},"end":{"line":122,"column":63}},"28":{"start":{"line":125,"column":4},"end":{"line":133,"column":7}},"29":{"start":{"line":141,"column":4},"end":{"line":143,"column":5}},"30":{"start":{"line":142,"column":6},"end":{"line":142,"column":77}},"31":{"start":{"line":145,"column":19},"end":{"line":147,"column":6}},"32":{"start":{"line":149,"column":4},"end":{"line":149,"column":65}},"33":{"start":{"line":149,"column":17},"end":{"line":149,"column":65}},"34":{"start":{"line":150,"column":4},"end":{"line":152,"column":5}},"35":{"start":{"line":151,"column":6},"end":{"line":151,"column":58}},"36":{"start":{"line":154,"column":4},"end":{"line":156,"column":7}},"37":{"start":{"line":158,"column":4},"end":{"line":158,"column":41}},"38":{"start":{"line":12,"column":13},"end":{"line":12,"column":27}},"39":{"start":{"line":12,"column":13},"end":{"line":160,"column":null}}},"fnMap":{"0":{"name":"(anonymous_2)","decl":{"start":{"line":13,"column":2},"end":{"line":13,"column":31}},"loc":{"start":{"line":13,"column":52},"end":{"line":13,"column":56}}},"1":{"name":"(anonymous_3)","decl":{"start":{"line":15,"column":2},"end":{"line":15,"column":7}},"loc":{"start":{"line":15,"column":34},"end":{"line":25,"column":3}}},"2":{"name":"(anonymous_4)","decl":{"start":{"line":27,"column":2},"end":{"line":27,"column":7}},"loc":{"start":{"line":30,"column":24},"end":{"line":43,"column":3}}},"3":{"name":"(anonymous_5)","decl":{"start":{"line":45,"column":2},"end":{"line":45,"column":7}},"loc":{"start":{"line":45,"column":36},"end":{"line":60,"column":3}}},"4":{"name":"(anonymous_6)","decl":{"start":{"line":62,"column":2},"end":{"line":62,"column":7}},"loc":{"start":{"line":62,"column":79},"end":{"line":104,"column":3}}},"5":{"name":"(anonymous_7)","decl":{"start":{"line":106,"column":2},"end":{"line":106,"column":7}},"loc":{"start":{"line":110,"column":28},"end":{"line":134,"column":3}}},"6":{"name":"(anonymous_8)","decl":{"start":{"line":136,"column":2},"end":{"line":136,"column":7}},"loc":{"start":{"line":139,"column":22},"end":{"line":159,"column":3}}}},"branchMap":{"0":{"loc":{"start":{"line":23,"column":4},"end":{"line":23,"column":65}},"type":"if","locations":[{"start":{"line":23,"column":4},"end":{"line":23,"column":65}},{"start":{},"end":{}}]},"1":{"loc":{"start":{"line":32,"column":4},"end":{"line":34,"column":5}},"type":"if","locations":[{"start":{"line":32,"column":4},"end":{"line":34,"column":5}},{"start":{},"end":{}}]},"2":{"loc":{"start":{"line":38,"column":12},"end":{"line":38,"column":56}},"type":"binary-expr","locations":[{"start":{"line":38,"column":12},"end":{"line":38,"column":34}},{"start":{"line":38,"column":38},"end":{"line":38,"column":56}}]},"3":{"loc":{"start":{"line":39,"column":12},"end":{"line":39,"column":65}},"type":"binary-expr","locations":[{"start":{"line":39,"column":12},"end":{"line":39,"column":37}},{"start":{"line":39,"column":41},"end":{"line":39,"column":65}}]},"4":{"loc":{"start":{"line":40,"column":12},"end":{"line":40,"column":68}},"type":"binary-expr","locations":[{"start":{"line":40,"column":12},"end":{"line":40,"column":38}},{"start":{"line":40,"column":42},"end":{"line":40,"column":68}}]},"5":{"loc":{"start":{"line":63,"column":4},"end":{"line":65,"column":5}},"type":"if","locations":[{"start":{"line":63,"column":4},"end":{"line":65,"column":5}},{"start":{},"end":{}}]},"6":{"loc":{"start":{"line":72,"column":4},"end":{"line":80,"column":5}},"type":"if","locations":[{"start":{"line":72,"column":4},"end":{"line":80,"column":5}},{"start":{},"end":{}}]},"7":{"loc":{"start":{"line":87,"column":4},"end":{"line":89,"column":5}},"type":"if","locations":[{"start":{"line":87,"column":4},"end":{"line":89,"column":5}},{"start":{},"end":{}}]},"8":{"loc":{"start":{"line":95,"column":14},"end":{"line":95,"column":34}},"type":"binary-expr","locations":[{"start":{"line":95,"column":14},"end":{"line":95,"column":22}},{"start":{"line":95,"column":26},"end":{"line":95,"column":34}}]},"9":{"loc":{"start":{"line":112,"column":4},"end":{"line":114,"column":5}},"type":"if","locations":[{"start":{"line":112,"column":4},"end":{"line":114,"column":5}},{"start":{},"end":{}}]},"10":{"loc":{"start":{"line":120,"column":4},"end":{"line":120,"column":65}},"type":"if","locations":[{"start":{"line":120,"column":4},"end":{"line":120,"column":65}},{"start":{},"end":{}}]},"11":{"loc":{"start":{"line":121,"column":4},"end":{"line":123,"column":5}},"type":"if","locations":[{"start":{"line":121,"column":4},"end":{"line":123,"column":5}},{"start":{},"end":{}}]},"12":{"loc":{"start":{"line":141,"column":4},"end":{"line":143,"column":5}},"type":"if","locations":[{"start":{"line":141,"column":4},"end":{"line":143,"column":5}},{"start":{},"end":{}}]},"13":{"loc":{"start":{"line":149,"column":4},"end":{"line":149,"column":65}},"type":"if","locations":[{"start":{"line":149,"column":4},"end":{"line":149,"column":65}},{"start":{},"end":{}}]},"14":{"loc":{"start":{"line":150,"column":4},"end":{"line":152,"column":5}},"type":"if","locations":[{"start":{"line":150,"column":4},"end":{"line":152,"column":5}},{"start":{},"end":{}}]},"15":{"loc":{"start":{"line":13,"column":39},"end":{"line":13,"column":55}},"type":"cond-expr","locations":[{"start":{"line":13,"column":52},"end":{"line":13,"column":55}},{"start":{"line":13,"column":52},"end":{"line":13,"column":55}}]},"16":{"loc":{"start":{"line":13,"column":39},"end":{"line":13,"column":52}},"type":"binary-expr","locations":[{"start":{"line":13,"column":39},"end":{"line":13,"column":55}},{"start":{"line":13,"column":39},"end":{"line":13,"column":52}}]}},"s":{"0":0,"1":0,"2":0,"3":0,"4":0,"5":0,"6":0,"7":0,"8":0,"9":0,"10":0,"11":0,"12":0,"13":0,"14":0,"15":0,"16":0,"17":0,"18":0,"19":0,"20":0,"21":0,"22":0,"23":0,"24":0,"25":0,"26":0,"27":0,"28":0,"29":0,"30":0,"31":0,"32":0,"33":0,"34":0,"35":0,"36":0,"37":0,"38":0,"39":0},"f":{"0":0,"1":0,"2":0,"3":0,"4":0,"5":0,"6":0},"b":{"0":[0,0],"1":[0,0],"2":[0,0],"3":[0,0],"4":[0,0],"5":[0,0],"6":[0,0],"7":[0,0],"8":[0,0],"9":[0,0],"10":[0,0],"11":[0,0],"12":[0,0],"13":[0,0],"14":[0,0],"15":[0,0],"16":[0,0]}}
,"C:\\Workspace\\smartbot-v2\\genai-platform-api\\src\\modules\\tenants\\dto\\invite-member.dto.ts": {"path":"C:\\Workspace\\smartbot-v2\\genai-platform-api\\src\\modules\\tenants\\dto\\invite-member.dto.ts","statementMap":{"0":{"start":{"line":1,"column":0},"end":{"line":1,"column":67}},"1":{"start":{"line":2,"column":0},"end":{"line":2,"column":70}},"2":{"start":{"line":13,"column":18},"end":{"line":13,"column":26}},"3":{"start":{"line":4,"column":0},"end":{"line":4,"column":13}},"4":{"start":{"line":7,"column":2},"end":{"line":7,"column":null}},"5":{"start":{"line":13,"column":2},"end":{"line":13,"column":null}}},"fnMap":{},"branchMap":{},"s":{"0":0,"1":0,"2":0,"3":0,"4":0,"5":0},"f":{},"b":{}}
,"C:\\Workspace\\smartbot-v2\\genai-platform-api\\src\\modules\\tenants\\dto\\update-member-role.dto.ts": {"path":"C:\\Workspace\\smartbot-v2\\genai-platform-api\\src\\modules\\tenants\\dto\\update-member-role.dto.ts","statementMap":{"0":{"start":{"line":1,"column":0},"end":{"line":1,"column":46}},"1":{"start":{"line":2,"column":0},"end":{"line":2,"column":49}},"2":{"start":{"line":4,"column":0},"end":{"line":4,"column":13}},"3":{"start":{"line":8,"column":2},"end":{"line":8,"column":null}}},"fnMap":{},"branchMap":{},"s":{"0":0,"1":0,"2":0,"3":0},"f":{},"b":{}}
,"C:\\Workspace\\smartbot-v2\\genai-platform-api\\src\\modules\\tenants\\dto\\update-tenant.dto.ts": {"path":"C:\\Workspace\\smartbot-v2\\genai-platform-api\\src\\modules\\tenants\\dto\\update-tenant.dto.ts","statementMap":{"0":{"start":{"line":1,"column":0},"end":{"line":1,"column":54}},"1":{"start":{"line":2,"column":0},"end":{"line":2,"column":66}},"2":{"start":{"line":4,"column":0},"end":{"line":4,"column":13}},"3":{"start":{"line":9,"column":2},"end":{"line":9,"column":null}},"4":{"start":{"line":14,"column":2},"end":{"line":14,"column":null}},"5":{"start":{"line":18,"column":2},"end":{"line":18,"column":null}}},"fnMap":{},"branchMap":{"0":{"loc":{"start":{"line":18,"column":13},"end":{"line":18,"column":33}},"type":"cond-expr","locations":[{"start":{"line":18,"column":19},"end":{"line":18,"column":33}},{"start":{"line":18,"column":19},"end":{"line":18,"column":33}}]},"1":{"loc":{"start":{"line":18,"column":13},"end":{"line":18,"column":19}},"type":"binary-expr","locations":[{"start":{"line":18,"column":13},"end":{"line":18,"column":33}},{"start":{"line":18,"column":13},"end":{"line":18,"column":19}}]}},"s":{"0":0,"1":0,"2":0,"3":0,"4":0,"5":0},"f":{},"b":{"0":[0,0],"1":[0,0]}}
,"C:\\Workspace\\smartbot-v2\\genai-platform-api\\src\\modules\\users\\users.controller.ts": {"path":"C:\\Workspace\\smartbot-v2\\genai-platform-api\\src\\modules\\users\\users.controller.ts","statementMap":{"0":{"start":{"line":1,"column":0},"end":{"line":1,"column":62}},"1":{"start":{"line":2,"column":0},"end":{"line":2,"column":71}},"2":{"start":{"line":3,"column":0},"end":{"line":3,"column":77}},"3":{"start":{"line":4,"column":0},"end":{"line":4,"column":47}},"4":{"start":{"line":5,"column":0},"end":{"line":5,"column":54}},"5":{"start":{"line":10,"column":7},"end":{"line":27,"column":null}},"6":{"start":{"line":11,"column":31},"end":{"line":11,"column":45}},"7":{"start":{"line":16,"column":4},"end":{"line":16,"column":48}},"8":{"start":{"line":25,"column":4},"end":{"line":25,"column":56}},"9":{"start":{"line":10,"column":13},"end":{"line":10,"column":28}},"10":{"start":{"line":15,"column":2},"end":{"line":17,"column":null}},"11":{"start":{"line":21,"column":2},"end":{"line":26,"column":null}},"12":{"start":{"line":10,"column":13},"end":{"line":27,"column":null}}},"fnMap":{"0":{"name":"(anonymous_4)","decl":{"start":{"line":11,"column":2},"end":{"line":11,"column":31}},"loc":{"start":{"line":11,"column":57},"end":{"line":11,"column":61}}},"1":{"name":"(anonymous_5)","decl":{"start":{"line":15,"column":2},"end":{"line":15,"column":12}},"loc":{"start":{"line":15,"column":50},"end":{"line":17,"column":3}}},"2":{"name":"(anonymous_6)","decl":{"start":{"line":21,"column":2},"end":{"line":21,"column":15}},"loc":{"start":{"line":23,"column":30},"end":{"line":26,"column":3}}}},"branchMap":{"0":{"loc":{"start":{"line":23,"column":17},"end":{"line":23,"column":null}},"type":"cond-expr","locations":[{"start":{"line":23,"column":30},"end":{"line":23,"column":null}},{"start":{"line":23,"column":30},"end":{"line":23,"column":null}}]},"1":{"loc":{"start":{"line":23,"column":17},"end":{"line":23,"column":30}},"type":"binary-expr","locations":[{"start":{"line":23,"column":17},"end":{"line":23,"column":null}},{"start":{"line":23,"column":17},"end":{"line":23,"column":30}}]},"2":{"loc":{"start":{"line":11,"column":45},"end":{"line":11,"column":60}},"type":"cond-expr","locations":[{"start":{"line":11,"column":57},"end":{"line":11,"column":60}},{"start":{"line":11,"column":57},"end":{"line":11,"column":60}}]},"3":{"loc":{"start":{"line":11,"column":45},"end":{"line":11,"column":57}},"type":"binary-expr","locations":[{"start":{"line":11,"column":45},"end":{"line":11,"column":60}},{"start":{"line":11,"column":45},"end":{"line":11,"column":57}}]}},"s":{"0":0,"1":0,"2":0,"3":0,"4":0,"5":0,"6":0,"7":0,"8":0,"9":0,"10":0,"11":0,"12":0},"f":{"0":0,"1":0,"2":0},"b":{"0":[0,0],"1":[0,0],"2":[0,0],"3":[0,0]}}
,"C:\\Workspace\\smartbot-v2\\genai-platform-api\\src\\modules\\users\\users.module.ts": {"path":"C:\\Workspace\\smartbot-v2\\genai-platform-api\\src\\modules\\users\\users.module.ts","statementMap":{"0":{"start":{"line":1,"column":0},"end":{"line":1,"column":40}},"1":{"start":{"line":2,"column":0},"end":{"line":2,"column":53}},"2":{"start":{"line":3,"column":0},"end":{"line":3,"column":47}},"3":{"start":{"line":10,"column":7},"end":{"line":10,"column":null}},"4":{"start":{"line":10,"column":13},"end":{"line":10,"column":24}},"5":{"start":{"line":10,"column":13},"end":{"line":10,"column":null}}},"fnMap":{},"branchMap":{},"s":{"0":0,"1":0,"2":0,"3":0,"4":0,"5":0},"f":{},"b":{}}
,"C:\\Workspace\\smartbot-v2\\genai-platform-api\\src\\modules\\users\\users.service.ts": {"path":"C:\\Workspace\\smartbot-v2\\genai-platform-api\\src\\modules\\users\\users.service.ts","statementMap":{"0":{"start":{"line":1,"column":0},"end":{"line":1,"column":63}},"1":{"start":{"line":2,"column":0},"end":{"line":2,"column":67}},"2":{"start":{"line":6,"column":7},"end":{"line":58,"column":null}},"3":{"start":{"line":7,"column":31},"end":{"line":7,"column":39}},"4":{"start":{"line":10,"column":17},"end":{"line":25,"column":6}},"5":{"start":{"line":27,"column":4},"end":{"line":29,"column":5}},"6":{"start":{"line":28,"column":6},"end":{"line":28,"column":52}},"7":{"start":{"line":31,"column":4},"end":{"line":31,"column":16}},"8":{"start":{"line":35,"column":17},"end":{"line":54,"column":6}},"9":{"start":{"line":56,"column":4},"end":{"line":56,"column":16}},"10":{"start":{"line":6,"column":13},"end":{"line":6,"column":25}},"11":{"start":{"line":6,"column":13},"end":{"line":58,"column":null}}},"fnMap":{"0":{"name":"(anonymous_2)","decl":{"start":{"line":7,"column":2},"end":{"line":7,"column":31}},"loc":{"start":{"line":7,"column":52},"end":{"line":7,"column":56}}},"1":{"name":"(anonymous_3)","decl":{"start":{"line":9,"column":2},"end":{"line":9,"column":7}},"loc":{"start":{"line":9,"column":33},"end":{"line":32,"column":3}}},"2":{"name":"(anonymous_4)","decl":{"start":{"line":34,"column":2},"end":{"line":34,"column":7}},"loc":{"start":{"line":34,"column":56},"end":{"line":57,"column":3}}}},"branchMap":{"0":{"loc":{"start":{"line":27,"column":4},"end":{"line":29,"column":5}},"type":"if","locations":[{"start":{"line":27,"column":4},"end":{"line":29,"column":5}},{"start":{},"end":{}}]},"1":{"loc":{"start":{"line":38,"column":12},"end":{"line":38,"column":68}},"type":"binary-expr","locations":[{"start":{"line":38,"column":12},"end":{"line":38,"column":38}},{"start":{"line":38,"column":42},"end":{"line":38,"column":68}}]},"2":{"loc":{"start":{"line":39,"column":12},"end":{"line":39,"column":71}},"type":"binary-expr","locations":[{"start":{"line":39,"column":12},"end":{"line":39,"column":39}},{"start":{"line":39,"column":43},"end":{"line":39,"column":71}}]},"3":{"loc":{"start":{"line":40,"column":12},"end":{"line":40,"column":59}},"type":"binary-expr","locations":[{"start":{"line":40,"column":12},"end":{"line":40,"column":35}},{"start":{"line":40,"column":39},"end":{"line":40,"column":59}}]},"4":{"loc":{"start":{"line":7,"column":39},"end":{"line":7,"column":55}},"type":"cond-expr","locations":[{"start":{"line":7,"column":52},"end":{"line":7,"column":55}},{"start":{"line":7,"column":52},"end":{"line":7,"column":55}}]},"5":{"loc":{"start":{"line":7,"column":39},"end":{"line":7,"column":52}},"type":"binary-expr","locations":[{"start":{"line":7,"column":39},"end":{"line":7,"column":55}},{"start":{"line":7,"column":39},"end":{"line":7,"column":52}}]}},"s":{"0":0,"1":0,"2":0,"3":0,"4":0,"5":0,"6":0,"7":0,"8":0,"9":0,"10":0,"11":0},"f":{"0":0,"1":0,"2":0},"b":{"0":[0,0],"1":[0,0],"2":[0,0],"3":[0,0],"4":[0,0],"5":[0,0]}}
,"C:\\Workspace\\smartbot-v2\\genai-platform-api\\src\\modules\\users\\dto\\update-user.dto.ts": {"path":"C:\\Workspace\\smartbot-v2\\genai-platform-api\\src\\modules\\users\\dto\\update-user.dto.ts","statementMap":{"0":{"start":{"line":1,"column":0},"end":{"line":1,"column":54}},"1":{"start":{"line":2,"column":0},"end":{"line":2,"column":66}},"2":{"start":{"line":4,"column":0},"end":{"line":4,"column":13}},"3":{"start":{"line":9,"column":2},"end":{"line":9,"column":null}},"4":{"start":{"line":14,"column":2},"end":{"line":14,"column":null}},"5":{"start":{"line":20,"column":2},"end":{"line":20,"column":null}}},"fnMap":{},"branchMap":{},"s":{"0":0,"1":0,"2":0,"3":0,"4":0,"5":0},"f":{},"b":{}}
}
